#
# There is insufficient memory for the Java Runtime Environment to continue.
# Native memory allocation (mmap) failed to map 40894464 bytes for G1 virtual space
# Possible reasons:
#   The system is out of physical RAM or swap space
#   The process is running with CompressedOops enabled, and the Java Heap may be blocking the growth of the native heap
# Possible solutions:
#   Reduce memory load on the system
#   Increase physical memory or swap space
#   Check if swap backing store is full
#   Decrease Java heap size (-Xmx/-Xms)
#   Decrease number of Java threads
#   Decrease Java thread stack sizes (-Xss)
#   Set larger code cache with -XX:ReservedCodeCacheSize=
#   JVM is running with Unscaled Compressed Oops mode in which the Java heap is
#     placed in the first 4GB address space. The Java Heap base address is the
#     maximum limit for the native heap growth. Please use -XX:HeapBaseMinAddress
#     to set the Java Heap base and to place the Java Heap above 4GB virtual address.
# This output file may be truncated or incomplete.
#
#  Out of Memory Error (os_windows.cpp:3469), pid=1908, tid=13320
#
# JRE version: OpenJDK Runtime Environment Temurin-17.0.1+12 (17.0.1+12) (build 17.0.1+12)
# Java VM: OpenJDK 64-Bit Server VM Temurin-17.0.1+12 (17.0.1+12, mixed mode, tiered, compressed oops, compressed class ptrs, g1 gc, windows-amd64)
# No core dump will be written. Minidumps are not enabled by default on client versions of Windows
#

---------------  S U M M A R Y ------------

Command Line: -Dfile.encoding=UTF-8 -XX:+ShowCodeDetailsInExceptionMessages com.example.CapgProject.CapgProjectApplication

Host: AMD Ryzen 5 3500U with Radeon Vega Mobile Gfx  , 8 cores, 5G,  Windows 10 , 64 bit Build 19041 (10.0.19041.1706)
Time: Fri May 27 19:31:41 2022 India Standard Time elapsed time: 2.353123 seconds (0d 0h 0m 2s)

---------------  T H R E A D  ---------------

Current thread (0x0000020acca06c40):  VMThread "VM Thread" [stack: 0x000000cdb5a00000,0x000000cdb5b00000] [id=13320]

Stack: [0x000000cdb5a00000,0x000000cdb5b00000]
Native frames: (J=compiled Java code, j=interpreted, Vv=VM code, C=native code)
V  [jvm.dll+0x6744da]
V  [jvm.dll+0x82e144]
V  [jvm.dll+0x82f8ee]
V  [jvm.dll+0x82ff53]
V  [jvm.dll+0x245175]
V  [jvm.dll+0x6714c9]
V  [jvm.dll+0x665f92]
V  [jvm.dll+0x303c3b]
V  [jvm.dll+0x30b176]
V  [jvm.dll+0x35af1e]
V  [jvm.dll+0x35b14f]
V  [jvm.dll+0x2dab78]
V  [jvm.dll+0x2d8e2c]
V  [jvm.dll+0x2d83fc]
V  [jvm.dll+0x31c24b]
V  [jvm.dll+0x8343bb]
V  [jvm.dll+0x8350f4]
V  [jvm.dll+0x83560c]
V  [jvm.dll+0x8359e4]
V  [jvm.dll+0x835ab0]
V  [jvm.dll+0x7de51a]
V  [jvm.dll+0x673305]
C  [ucrtbase.dll+0x21bb2]
C  [KERNEL32.DLL+0x17034]
C  [ntdll.dll+0x52651]

VM_Operation (0x000000cdb6efba20): G1CollectForAllocation, mode: safepoint, requested by thread 0x0000020aced35c80


---------------  P R O C E S S  ---------------

Threads class SMR info:
_java_thread_list=0x0000020ad108d080, length=15, elements={
0x0000020ab1c5af70, 0x0000020acc9ea240, 0x0000020acc9eb0b0, 0x0000020acd408070,
0x0000020acd40ba40, 0x0000020acd40c3f0, 0x0000020acd414db0, 0x0000020acca3b320,
0x0000020acca3c320, 0x0000020acca50900, 0x0000020acd55a2f0, 0x0000020acd558300,
0x0000020acd5c4830, 0x0000020aceed4340, 0x0000020aced35c80
}

Java Threads: ( => current thread )
  0x0000020ab1c5af70 JavaThread "main" [_thread_blocked, id=2052, stack(0x000000cdb5400000,0x000000cdb5500000)]
  0x0000020acc9ea240 JavaThread "Reference Handler" daemon [_thread_blocked, id=7600, stack(0x000000cdb5b00000,0x000000cdb5c00000)]
  0x0000020acc9eb0b0 JavaThread "Finalizer" daemon [_thread_blocked, id=4440, stack(0x000000cdb5c00000,0x000000cdb5d00000)]
  0x0000020acd408070 JavaThread "Signal Dispatcher" daemon [_thread_blocked, id=6032, stack(0x000000cdb5d00000,0x000000cdb5e00000)]
  0x0000020acd40ba40 JavaThread "Attach Listener" daemon [_thread_blocked, id=2656, stack(0x000000cdb5e00000,0x000000cdb5f00000)]
  0x0000020acd40c3f0 JavaThread "Service Thread" daemon [_thread_blocked, id=13612, stack(0x000000cdb5f00000,0x000000cdb6000000)]
  0x0000020acd414db0 JavaThread "Monitor Deflation Thread" daemon [_thread_blocked, id=6176, stack(0x000000cdb6000000,0x000000cdb6100000)]
  0x0000020acca3b320 JavaThread "C2 CompilerThread0" daemon [_thread_in_native, id=3160, stack(0x000000cdb6100000,0x000000cdb6200000)]
  0x0000020acca3c320 JavaThread "C1 CompilerThread0" daemon [_thread_blocked, id=1812, stack(0x000000cdb6200000,0x000000cdb6300000)]
  0x0000020acca50900 JavaThread "Sweeper thread" daemon [_thread_blocked, id=13264, stack(0x000000cdb6300000,0x000000cdb6400000)]
  0x0000020acd55a2f0 JavaThread "Notification Thread" daemon [_thread_blocked, id=5524, stack(0x000000cdb6400000,0x000000cdb6500000)]
  0x0000020acd558300 JavaThread "Common-Cleaner" daemon [_thread_blocked, id=5932, stack(0x000000cdb6600000,0x000000cdb6700000)]
  0x0000020acd5c4830 JavaThread "C2 CompilerThread1" daemon [_thread_blocked, id=2980, stack(0x000000cdb6700000,0x000000cdb6800000)]
  0x0000020aceed4340 JavaThread "Thread-0" [_thread_blocked, id=10484, stack(0x000000cdb6d00000,0x000000cdb6e00000)]
  0x0000020aced35c80 JavaThread "restartedMain" [_thread_blocked, id=2084, stack(0x000000cdb6e00000,0x000000cdb6f00000)]

Other Threads:
=>0x0000020acca06c40 VMThread "VM Thread" [stack: 0x000000cdb5a00000,0x000000cdb5b00000] [id=13320]
  0x0000020ab1e4f4c0 WatcherThread [stack: 0x000000cdb6500000,0x000000cdb6600000] [id=10428]
  0x0000020ab1e2e030 GCTaskThread "GC Thread#0" [stack: 0x000000cdb5500000,0x000000cdb5600000] [id=6932]
  0x0000020acec3d7c0 GCTaskThread "GC Thread#1" [stack: 0x000000cdb6800000,0x000000cdb6900000] [id=12292]
  0x0000020acec3d260 GCTaskThread "GC Thread#2" [stack: 0x000000cdb6900000,0x000000cdb6a00000] [id=9948]
  0x0000020acec3d510 GCTaskThread "GC Thread#3" [stack: 0x000000cdb6a00000,0x000000cdb6b00000] [id=9112]
  0x0000020acec3dfd0 GCTaskThread "GC Thread#4" [stack: 0x000000cdb6b00000,0x000000cdb6c00000] [id=12416]
  0x0000020acec3dd20 GCTaskThread "GC Thread#5" [stack: 0x000000cdb6c00000,0x000000cdb6d00000] [id=8636]
  0x0000020acec3e280 GCTaskThread "GC Thread#6" [stack: 0x000000cdb7000000,0x000000cdb7100000] [id=13460]
  0x0000020acec3e530 GCTaskThread "GC Thread#7" [stack: 0x000000cdb7100000,0x000000cdb7200000] [id=4176]
  0x0000020ab1e3c560 ConcurrentGCThread "G1 Main Marker" [stack: 0x000000cdb5600000,0x000000cdb5700000] [id=7956]
  0x0000020ab1e3cf70 ConcurrentGCThread "G1 Conc#0" [stack: 0x000000cdb5700000,0x000000cdb5800000] [id=12936]
  0x0000020acec3e7e0 ConcurrentGCThread "G1 Conc#1" [stack: 0x000000cdb7200000,0x000000cdb7300000] [id=7916]
  0x0000020ab1eb5b80 ConcurrentGCThread "G1 Refine#0" [stack: 0x000000cdb5800000,0x000000cdb5900000] [id=10640]
  0x0000020ab1eb65a0 ConcurrentGCThread "G1 Service" [stack: 0x000000cdb5900000,0x000000cdb5a00000] [id=6116]

Threads with active compile tasks:
C2 CompilerThread0     2381 2013       4       java.net.URLStreamHandler::parseURL (1201 bytes)
C2 CompilerThread1     2381 2029       4       jdk.internal.jimage.ImageLocation::verify (218 bytes)

VM state: at safepoint (normal execution)

VM Mutex/Monitor currently owned by a thread:  ([mutex/lock_event])
[0x0000020ab1df7b10] Threads_lock - owner thread: 0x0000020acca06c40
[0x0000020ab1df8650] Heap_lock - owner thread: 0x0000020aced35c80

Heap address: 0x00000000a0e00000, size: 1522 MB, Compressed Oops mode: 32-bit

CDS archive(s) not mapped
Compressed class space mapped at: 0x0000000100000000-0x0000000140000000, reserved size: 1073741824
Narrow klass base: 0x0000000000000000, Narrow klass shift: 3, Narrow klass range: 0x140000000

GC Precious Log:
 CPUs: 8 total, 8 available
 Memory: 6081M
 Large Page Support: Disabled
 NUMA Support: Disabled
 Compressed Oops: Enabled (32-bit)
 Heap Region Size: 1M
 Heap Min Capacity: 8M
 Heap Initial Capacity: 96M
 Heap Max Capacity: 1522M
 Pre-touch: Disabled
 Parallel Workers: 8
 Concurrent Workers: 2
 Concurrent Refinement Workers: 8
 Periodic GC: Disabled

Heap:
 garbage-first heap   total 58368K, used 10177K [0x00000000a0e00000, 0x0000000100000000)
  region size 1024K, 1 young (1024K), 1 survivors (1024K)
 Metaspace       used 24643K, committed 24896K, reserved 1073152K
  class space    used 2735K, committed 2880K, reserved 1048576K

Heap Regions: E=young(eden), S=young(survivor), O=old, HS=humongous(starts), HC=humongous(continues), CS=collection set, F=free, OA=open archive, CA=closed archive, TAMS=top-at-mark-start (previous, next)
|   0|0x00000000a0e00000, 0x00000000a0f00000, 0x00000000a0f00000|100%|HS|  |TAMS 0x00000000a0f00000, 0x00000000a0e00000| Complete 
|   1|0x00000000a0f00000, 0x00000000a1000000, 0x00000000a1000000|100%| O|  |TAMS 0x00000000a1000000, 0x00000000a0f00000| Untracked 
|   2|0x00000000a1000000, 0x00000000a1100000, 0x00000000a1100000|100%| O|  |TAMS 0x00000000a1100000, 0x00000000a1000000| Untracked 
|   3|0x00000000a1100000, 0x00000000a1200000, 0x00000000a1200000|100%| O|  |TAMS 0x00000000a1200000, 0x00000000a1100000| Untracked 
|   4|0x00000000a1200000, 0x00000000a1300000, 0x00000000a1300000|100%| O|  |TAMS 0x00000000a1300000, 0x00000000a1200000| Untracked 
|   5|0x00000000a1300000, 0x00000000a1400000, 0x00000000a1400000|100%| O|  |TAMS 0x00000000a1400000, 0x00000000a1300000| Untracked 
|   6|0x00000000a1400000, 0x00000000a1400000, 0x00000000a1500000|  0%| F|  |TAMS 0x00000000a1400000, 0x00000000a1400000| Untracked 
|   7|0x00000000a1500000, 0x00000000a1600000, 0x00000000a1600000|100%| O|  |TAMS 0x00000000a1500000, 0x00000000a1500000| Untracked 
|   8|0x00000000a1600000, 0x00000000a1700000, 0x00000000a1700000|100%| O|  |TAMS 0x00000000a1600000, 0x00000000a1600000| Untracked 
|   9|0x00000000a1700000, 0x00000000a1800000, 0x00000000a1800000|100%| O|  |TAMS 0x00000000a1700000, 0x00000000a1700000| Untracked 
|  10|0x00000000a1800000, 0x00000000a1835800, 0x00000000a1900000| 20%| O|  |TAMS 0x00000000a1800000, 0x00000000a1800000| Untracked 
|  11|0x00000000a1900000, 0x00000000a1900000, 0x00000000a1a00000|  0%| F|  |TAMS 0x00000000a1900000, 0x00000000a1900000| Untracked 
|  12|0x00000000a1a00000, 0x00000000a1a00000, 0x00000000a1b00000|  0%| F|  |TAMS 0x00000000a1a00000, 0x00000000a1a00000| Untracked 
|  13|0x00000000a1b00000, 0x00000000a1b00000, 0x00000000a1c00000|  0%| F|  |TAMS 0x00000000a1b00000, 0x00000000a1b00000| Untracked 
|  14|0x00000000a1c00000, 0x00000000a1c00000, 0x00000000a1d00000|  0%| F|  |TAMS 0x00000000a1c00000, 0x00000000a1c00000| Untracked 
|  15|0x00000000a1d00000, 0x00000000a1d00000, 0x00000000a1e00000|  0%| F|  |TAMS 0x00000000a1d00000, 0x00000000a1d00000| Untracked 
|  16|0x00000000a1e00000, 0x00000000a1e00000, 0x00000000a1f00000|  0%| F|  |TAMS 0x00000000a1e00000, 0x00000000a1e00000| Untracked 
|  17|0x00000000a1f00000, 0x00000000a1f00000, 0x00000000a2000000|  0%| F|  |TAMS 0x00000000a1f00000, 0x00000000a1f00000| Untracked 
|  18|0x00000000a2000000, 0x00000000a2000000, 0x00000000a2100000|  0%| F|  |TAMS 0x00000000a2000000, 0x00000000a2000000| Untracked 
|  19|0x00000000a2100000, 0x00000000a21bacb0, 0x00000000a2200000| 72%| S|CS|TAMS 0x00000000a2100000, 0x00000000a2100000| Complete 
|  20|0x00000000a2200000, 0x00000000a2200000, 0x00000000a2300000|  0%| F|  |TAMS 0x00000000a2200000, 0x00000000a2200000| Untracked 
|  21|0x00000000a2300000, 0x00000000a2300000, 0x00000000a2400000|  0%| F|  |TAMS 0x00000000a2300000, 0x00000000a2300000| Untracked 
|  22|0x00000000a2400000, 0x00000000a2400000, 0x00000000a2500000|  0%| F|  |TAMS 0x00000000a2400000, 0x00000000a2400000| Untracked 
|  23|0x00000000a2500000, 0x00000000a2500000, 0x00000000a2600000|  0%| F|  |TAMS 0x00000000a2500000, 0x00000000a2500000| Untracked 
|  24|0x00000000a2600000, 0x00000000a2600000, 0x00000000a2700000|  0%| F|  |TAMS 0x00000000a2600000, 0x00000000a2600000| Untracked 
|  25|0x00000000a2700000, 0x00000000a2700000, 0x00000000a2800000|  0%| F|  |TAMS 0x00000000a2700000, 0x00000000a2700000| Untracked 
|  26|0x00000000a2800000, 0x00000000a2800000, 0x00000000a2900000|  0%| F|  |TAMS 0x00000000a2800000, 0x00000000a2800000| Untracked 
|  27|0x00000000a2900000, 0x00000000a2900000, 0x00000000a2a00000|  0%| F|  |TAMS 0x00000000a2900000, 0x00000000a2900000| Untracked 
|  28|0x00000000a2a00000, 0x00000000a2a00000, 0x00000000a2b00000|  0%| F|  |TAMS 0x00000000a2a00000, 0x00000000a2a00000| Untracked 
|  29|0x00000000a2b00000, 0x00000000a2b00000, 0x00000000a2c00000|  0%| F|  |TAMS 0x00000000a2b00000, 0x00000000a2b00000| Untracked 
|  30|0x00000000a2c00000, 0x00000000a2c00000, 0x00000000a2d00000|  0%| F|  |TAMS 0x00000000a2c00000, 0x00000000a2c00000| Untracked 
|  31|0x00000000a2d00000, 0x00000000a2d00000, 0x00000000a2e00000|  0%| F|  |TAMS 0x00000000a2d00000, 0x00000000a2d00000| Untracked 
|  32|0x00000000a2e00000, 0x00000000a2e00000, 0x00000000a2f00000|  0%| F|  |TAMS 0x00000000a2e00000, 0x00000000a2e00000| Untracked 
|  33|0x00000000a2f00000, 0x00000000a2f00000, 0x00000000a3000000|  0%| F|  |TAMS 0x00000000a2f00000, 0x00000000a2f00000| Untracked 
|  34|0x00000000a3000000, 0x00000000a3000000, 0x00000000a3100000|  0%| F|  |TAMS 0x00000000a3000000, 0x00000000a3000000| Untracked 
|  35|0x00000000a3100000, 0x00000000a3100000, 0x00000000a3200000|  0%| F|  |TAMS 0x00000000a3100000, 0x00000000a3100000| Untracked 
|  36|0x00000000a3200000, 0x00000000a3200000, 0x00000000a3300000|  0%| F|  |TAMS 0x00000000a3200000, 0x00000000a3200000| Untracked 
|  37|0x00000000a3300000, 0x00000000a3300000, 0x00000000a3400000|  0%| F|  |TAMS 0x00000000a3300000, 0x00000000a3300000| Untracked 
|  38|0x00000000a3400000, 0x00000000a3400000, 0x00000000a3500000|  0%| F|  |TAMS 0x00000000a3400000, 0x00000000a3400000| Untracked 
|  39|0x00000000a3500000, 0x00000000a3500000, 0x00000000a3600000|  0%| F|  |TAMS 0x00000000a3500000, 0x00000000a3500000| Untracked 
|  40|0x00000000a3600000, 0x00000000a3600000, 0x00000000a3700000|  0%| F|  |TAMS 0x00000000a3600000, 0x00000000a3600000| Untracked 
|  41|0x00000000a3700000, 0x00000000a3700000, 0x00000000a3800000|  0%| F|  |TAMS 0x00000000a3700000, 0x00000000a3700000| Untracked 
|  42|0x00000000a3800000, 0x00000000a3800000, 0x00000000a3900000|  0%| F|  |TAMS 0x00000000a3800000, 0x00000000a3800000| Untracked 
|  43|0x00000000a3900000, 0x00000000a3900000, 0x00000000a3a00000|  0%| F|  |TAMS 0x00000000a3900000, 0x00000000a3900000| Untracked 
|  44|0x00000000a3a00000, 0x00000000a3a00000, 0x00000000a3b00000|  0%| F|  |TAMS 0x00000000a3a00000, 0x00000000a3a00000| Untracked 
|  45|0x00000000a3b00000, 0x00000000a3b00000, 0x00000000a3c00000|  0%| F|  |TAMS 0x00000000a3b00000, 0x00000000a3b00000| Untracked 
|  46|0x00000000a3c00000, 0x00000000a3c00000, 0x00000000a3d00000|  0%| F|  |TAMS 0x00000000a3c00000, 0x00000000a3c00000| Untracked 
|  47|0x00000000a3d00000, 0x00000000a3d00000, 0x00000000a3e00000|  0%| F|  |TAMS 0x00000000a3d00000, 0x00000000a3d00000| Untracked 
|  48|0x00000000a3e00000, 0x00000000a3e00000, 0x00000000a3f00000|  0%| F|  |TAMS 0x00000000a3e00000, 0x00000000a3e00000| Untracked 
|  49|0x00000000a3f00000, 0x00000000a3f00000, 0x00000000a4000000|  0%| F|  |TAMS 0x00000000a3f00000, 0x00000000a3f00000| Untracked 
|  50|0x00000000a4000000, 0x00000000a4000000, 0x00000000a4100000|  0%| F|  |TAMS 0x00000000a4000000, 0x00000000a4000000| Untracked 
|  51|0x00000000a4100000, 0x00000000a4100000, 0x00000000a4200000|  0%| F|  |TAMS 0x00000000a4100000, 0x00000000a4100000| Untracked 
|  52|0x00000000a4200000, 0x00000000a4200000, 0x00000000a4300000|  0%| F|  |TAMS 0x00000000a4200000, 0x00000000a4200000| Untracked 
|  53|0x00000000a4300000, 0x00000000a4300000, 0x00000000a4400000|  0%| F|  |TAMS 0x00000000a4300000, 0x00000000a4300000| Untracked 
|  54|0x00000000a4400000, 0x00000000a4400000, 0x00000000a4500000|  0%| F|  |TAMS 0x00000000a4400000, 0x00000000a4400000| Untracked 
|  55|0x00000000a4500000, 0x00000000a4500000, 0x00000000a4600000|  0%| F|  |TAMS 0x00000000a4500000, 0x00000000a4500000| Untracked 
|  95|0x00000000a6d00000, 0x00000000a6d00000, 0x00000000a6e00000|  0%| F|  |TAMS 0x00000000a6d00000, 0x00000000a6d00000| Untracked 

Card table byte_map: [0x0000020ac69e0000,0x0000020ac6ce0000] _byte_map_base: 0x0000020ac64d9000

Marking Bits (Prev, Next): (CMBitMap*) 0x0000020ab1e2f690, (CMBitMap*) 0x0000020ab1e2f650
 Prev Bits: [0x0000020ac87b0000, 0x0000020ac9f78000)
 Next Bits: [0x0000020ac6fe0000, 0x0000020ac87a8000)

Polling page: 0x0000020ab6c50000

Metaspace:

Usage:
  Non-class:     21.39 MB used.
      Class:      2.67 MB used.
       Both:     24.07 MB used.

Virtual space:
  Non-class space:       24.00 MB reserved,      21.50 MB ( 90%) committed,  3 nodes.
      Class space:        1.00 GB reserved,       2.81 MB ( <1%) committed,  1 nodes.
             Both:        1.02 GB reserved,      24.31 MB (  2%) committed. 

Chunk freelists:
   Non-Class:  2.41 MB
       Class:  1.23 MB
        Both:  3.65 MB

MaxMetaspaceSize: unlimited
CompressedClassSpaceSize: 1.00 GB
Initial GC threshold: 21.00 MB
Current GC threshold: 35.25 MB
CDS: off
MetaspaceReclaimPolicy: balanced
 - commit_granule_bytes: 65536.
 - commit_granule_words: 8192.
 - virtual_space_node_default_size: 1048576.
 - enlarge_chunks_in_place: 1.
 - new_chunks_are_fully_committed: 0.
 - uncommit_free_chunks: 1.
 - use_allocation_guard: 0.
 - handle_deallocations: 1.


Internal statistics:

num_allocs_failed_limit: 5.
num_arena_births: 166.
num_arena_deaths: 0.
num_vsnodes_births: 4.
num_vsnodes_deaths: 0.
num_space_committed: 389.
num_space_uncommitted: 0.
num_chunks_returned_to_freelist: 5.
num_chunks_taken_from_freelist: 689.
num_chunk_merges: 5.
num_chunk_splits: 479.
num_chunks_enlarged: 379.
num_purges: 0.
num_inconsistent_stats: 0.

CodeHeap 'non-profiled nmethods': size=120000Kb used=820Kb max_used=820Kb free=119179Kb
 bounds [0x0000020abe740000, 0x0000020abe9b0000, 0x0000020ac5c70000]
CodeHeap 'profiled nmethods': size=120000Kb used=3897Kb max_used=3897Kb free=116102Kb
 bounds [0x0000020ab7210000, 0x0000020ab75e0000, 0x0000020abe740000]
CodeHeap 'non-nmethods': size=5760Kb used=1167Kb max_used=1238Kb free=4592Kb
 bounds [0x0000020ab6c70000, 0x0000020ab6ee0000, 0x0000020ab7210000]
 total_blobs=2538 nmethods=2078 adapters=372
 compilation: enabled
              stopped_count=0, restarted_count=0
 full_count=0

Compilation events (20 events):
Event: 2.338 Thread 0x0000020acca3c320 2079       1       java.net.JarURLConnection::getJarFileURL (5 bytes)
Event: 2.338 Thread 0x0000020acca3c320 nmethod 2079 0x0000020abe80cc90 code [0x0000020abe80ce20, 0x0000020abe80cef8]
Event: 2.338 Thread 0x0000020acca3c320 2081       3       org.springframework.asm.ClassReader::readClass (7 bytes)
Event: 2.339 Thread 0x0000020acca3c320 nmethod 2081 0x0000020ab75db910 code [0x0000020ab75dbae0, 0x0000020ab75dbe48]
Event: 2.339 Thread 0x0000020acca3c320 2082       3       org.springframework.asm.ClassReader::readStringish (16 bytes)
Event: 2.339 Thread 0x0000020acca3c320 nmethod 2082 0x0000020ab75dc010 code [0x0000020ab75dc1e0, 0x0000020ab75dc4e8]
Event: 2.339 Thread 0x0000020acca3c320 2083       3       jdk.internal.loader.BuiltinClassLoader$2::run (5 bytes)
Event: 2.339 Thread 0x0000020acca3c320 nmethod 2083 0x0000020ab75dc690 code [0x0000020ab75dc840, 0x0000020ab75dc988]
Event: 2.340 Thread 0x0000020acca3c320 2084       2       java.io.WinNTFileSystem::isSlash (18 bytes)
Event: 2.341 Thread 0x0000020acca3c320 nmethod 2084 0x0000020ab75dca10 code [0x0000020ab75dcba0, 0x0000020ab75dccd8]
Event: 2.342 Thread 0x0000020acca3c320 2085       3       org.springframework.asm.Type::getType (10 bytes)
Event: 2.342 Thread 0x0000020acca3c320 nmethod 2085 0x0000020ab75dcd90 code [0x0000020ab75dcf40, 0x0000020ab75dd168]
Event: 2.342 Thread 0x0000020acca3c320 2086       3       java.util.stream.AbstractPipeline::<init> (91 bytes)
Event: 2.343 Thread 0x0000020acca3c320 nmethod 2086 0x0000020ab75dd290 code [0x0000020ab75dd480, 0x0000020ab75ddad8]
Event: 2.343 Thread 0x0000020acca3c320 2087       1       org.springframework.core.annotation.MergedAnnotationsCollection$AnnotationsSpliterator::characteristics (4 bytes)
Event: 2.343 Thread 0x0000020acca3c320 nmethod 2087 0x0000020abe80cf90 code [0x0000020abe80d120, 0x0000020abe80d1f8]
Event: 2.344 Thread 0x0000020acca3c320 2088       3       java.util.AbstractCollection::isEmpty (13 bytes)
Event: 2.344 Thread 0x0000020acca3c320 nmethod 2088 0x0000020ab75ddd10 code [0x0000020ab75ddec0, 0x0000020ab75de0e8]
Event: 2.344 Thread 0x0000020acca3c320 2089       3       java.util.Collections$UnmodifiableCollection::toArray (11 bytes)
Event: 2.344 Thread 0x0000020acca3c320 nmethod 2089 0x0000020ab75de190 code [0x0000020ab75de340, 0x0000020ab75de508]

GC Heap History (13 events):
Event: 0.771 GC heap before
{Heap before GC invocations=0 (full 0):
 garbage-first heap   total 98304K, used 23552K [0x00000000a0e00000, 0x0000000100000000)
  region size 1024K, 23 young (23552K), 0 survivors (0K)
 Metaspace       used 11509K, committed 11712K, reserved 1064960K
  class space    used 1093K, committed 1216K, reserved 1048576K
}
Event: 0.779 GC heap after
{Heap after GC invocations=1 (full 0):
 garbage-first heap   total 98304K, used 6736K [0x00000000a0e00000, 0x0000000100000000)
  region size 1024K, 3 young (3072K), 3 survivors (3072K)
 Metaspace       used 11509K, committed 11712K, reserved 1064960K
  class space    used 1093K, committed 1216K, reserved 1048576K
}
Event: 0.793 GC heap before
{Heap before GC invocations=1 (full 0):
 garbage-first heap   total 98304K, used 35408K [0x00000000a0e00000, 0x0000000100000000)
  region size 1024K, 32 young (32768K), 3 survivors (3072K)
 Metaspace       used 11509K, committed 11712K, reserved 1064960K
  class space    used 1093K, committed 1216K, reserved 1048576K
}
Event: 0.798 GC heap after
{Heap after GC invocations=2 (full 0):
 garbage-first heap   total 98304K, used 6491K [0x00000000a0e00000, 0x0000000100000000)
  region size 1024K, 1 young (1024K), 1 survivors (1024K)
 Metaspace       used 11509K, committed 11712K, reserved 1064960K
  class space    used 1093K, committed 1216K, reserved 1048576K
}
Event: 1.828 GC heap before
{Heap before GC invocations=2 (full 0):
 garbage-first heap   total 98304K, used 45403K [0x00000000a0e00000, 0x0000000100000000)
  region size 1024K, 40 young (40960K), 1 survivors (1024K)
 Metaspace       used 21332K, committed 21504K, reserved 1073152K
  class space    used 2294K, committed 2368K, reserved 1048576K
}
Event: 1.832 GC heap after
{Heap after GC invocations=3 (full 0):
 garbage-first heap   total 98304K, used 8616K [0x00000000a0e00000, 0x0000000100000000)
  region size 1024K, 3 young (3072K), 3 survivors (3072K)
 Metaspace       used 21332K, committed 21504K, reserved 1073152K
  class space    used 2294K, committed 2368K, reserved 1048576K
}
Event: 2.113 GC heap before
{Heap before GC invocations=4 (full 0):
 garbage-first heap   total 37888K, used 27048K [0x00000000a0e00000, 0x0000000100000000)
  region size 1024K, 23 young (23552K), 3 survivors (3072K)
 Metaspace       used 23763K, committed 24000K, reserved 1073152K
  class space    used 2635K, committed 2752K, reserved 1048576K
}
Event: 2.117 GC heap after
{Heap after GC invocations=5 (full 0):
 garbage-first heap   total 37888K, used 9488K [0x00000000a0e00000, 0x0000000100000000)
  region size 1024K, 3 young (3072K), 3 survivors (3072K)
 Metaspace       used 23763K, committed 24000K, reserved 1073152K
  class space    used 2635K, committed 2752K, reserved 1048576K
}
Event: 2.117 GC heap before
{Heap before GC invocations=5 (full 0):
 garbage-first heap   total 37888K, used 9488K [0x00000000a0e00000, 0x0000000100000000)
  region size 1024K, 4 young (4096K), 3 survivors (3072K)
 Metaspace       used 23763K, committed 24000K, reserved 1073152K
  class space    used 2635K, committed 2752K, reserved 1048576K
}
Event: 2.120 GC heap after
{Heap after GC invocations=6 (full 0):
 garbage-first heap   total 37888K, used 9465K [0x00000000a0e00000, 0x0000000100000000)
  region size 1024K, 1 young (1024K), 1 survivors (1024K)
 Metaspace       used 23763K, committed 24000K, reserved 1073152K
  class space    used 2635K, committed 2752K, reserved 1048576K
}
Event: 2.126 GC heap before
{Heap before GC invocations=6 (full 0):
 garbage-first heap   total 37888K, used 25849K [0x00000000a0e00000, 0x0000000100000000)
  region size 1024K, 18 young (18432K), 1 survivors (1024K)
 Metaspace       used 23763K, committed 24000K, reserved 1073152K
  class space    used 2635K, committed 2752K, reserved 1048576K
}
Event: 2.126 GC heap after
{Heap after GC invocations=7 (full 0):
 garbage-first heap   total 37888K, used 9489K [0x00000000a0e00000, 0x0000000100000000)
  region size 1024K, 1 young (1024K), 1 survivors (1024K)
 Metaspace       used 23763K, committed 24000K, reserved 1073152K
  class space    used 2635K, committed 2752K, reserved 1048576K
}
Event: 2.349 GC heap before
{Heap before GC invocations=7 (full 0):
 garbage-first heap   total 37888K, used 25873K [0x00000000a0e00000, 0x0000000100000000)
  region size 1024K, 18 young (18432K), 1 survivors (1024K)
 Metaspace       used 24643K, committed 24896K, reserved 1073152K
  class space    used 2735K, committed 2880K, reserved 1048576K
}

Deoptimization events (20 events):
Event: 1.950 Thread 0x0000020aced35c80 Uncommon trap: trap_request=0xffffff45 fr.pc=0x0000020abe75b188 relative=0x0000000000000268
Event: 1.950 Thread 0x0000020aced35c80 Uncommon trap: reason=unstable_if action=reinterpret pc=0x0000020abe75b188 method=java.util.zip.ZipCoder.hash(Ljava/lang/String;)I @ 23 c2
Event: 1.950 Thread 0x0000020aced35c80 DEOPT PACKING pc=0x0000020abe75b188 sp=0x000000cdb6efd400
Event: 1.950 Thread 0x0000020aced35c80 DEOPT UNPACKING pc=0x0000020ab6cc23a3 sp=0x000000cdb6efd398 mode 2
Event: 1.953 Thread 0x0000020aced35c80 Uncommon trap: trap_request=0xffffff45 fr.pc=0x0000020abe7641b8 relative=0x0000000000000218
Event: 1.953 Thread 0x0000020aced35c80 Uncommon trap: reason=unstable_if action=reinterpret pc=0x0000020abe7641b8 method=java.util.StringTokenizer.scanToken(I)I @ 42 c2
Event: 1.953 Thread 0x0000020aced35c80 DEOPT PACKING pc=0x0000020abe7641b8 sp=0x000000cdb6efd4a0
Event: 1.953 Thread 0x0000020aced35c80 DEOPT UNPACKING pc=0x0000020ab6cc23a3 sp=0x000000cdb6efd430 mode 2
Event: 2.007 Thread 0x0000020aced35c80 Uncommon trap: trap_request=0xffffff45 fr.pc=0x0000020abe7b2420 relative=0x0000000000000f40
Event: 2.007 Thread 0x0000020aced35c80 Uncommon trap: reason=unstable_if action=reinterpret pc=0x0000020abe7b2420 method=jdk.internal.org.objectweb.asm.SymbolTable.put(Ljdk/internal/org/objectweb/asm/SymbolTable$Entry;)Ljdk/internal/org/objectweb/asm/SymbolTable$Entry; @ 13 c2
Event: 2.007 Thread 0x0000020aced35c80 DEOPT PACKING pc=0x0000020abe7b2420 sp=0x000000cdb6efc250
Event: 2.007 Thread 0x0000020aced35c80 DEOPT UNPACKING pc=0x0000020ab6cc23a3 sp=0x000000cdb6efc198 mode 2
Event: 2.036 Thread 0x0000020aced35c80 Uncommon trap: trap_request=0xffffffc6 fr.pc=0x0000020abe7ba7a4 relative=0x00000000000007a4
Event: 2.036 Thread 0x0000020aced35c80 Uncommon trap: reason=bimorphic_or_optimized_type_check action=maybe_recompile pc=0x0000020abe7ba7a4 method=java.util.HashMap.putVal(ILjava/lang/Object;Ljava/lang/Object;ZZ)Ljava/lang/Object; @ 91 c2
Event: 2.036 Thread 0x0000020aced35c80 DEOPT PACKING pc=0x0000020abe7ba7a4 sp=0x000000cdb6efdc40
Event: 2.036 Thread 0x0000020aced35c80 DEOPT UNPACKING pc=0x0000020ab6cc23a3 sp=0x000000cdb6efdbd0 mode 2
Event: 2.036 Thread 0x0000020aced35c80 Uncommon trap: trap_request=0xffffffc6 fr.pc=0x0000020abe7ba7a4 relative=0x00000000000007a4
Event: 2.036 Thread 0x0000020aced35c80 Uncommon trap: reason=bimorphic_or_optimized_type_check action=maybe_recompile pc=0x0000020abe7ba7a4 method=java.util.HashMap.putVal(ILjava/lang/Object;Ljava/lang/Object;ZZ)Ljava/lang/Object; @ 91 c2
Event: 2.036 Thread 0x0000020aced35c80 DEOPT PACKING pc=0x0000020abe7ba7a4 sp=0x000000cdb6efdcd0
Event: 2.036 Thread 0x0000020aced35c80 DEOPT UNPACKING pc=0x0000020ab6cc23a3 sp=0x000000cdb6efdc60 mode 2

Classes unloaded (0 events):
No events

Classes redefined (0 events):
No events

Internal exceptions (20 events):
Event: 1.907 Thread 0x0000020aced35c80 Exception <a 'java/lang/ClassNotFoundException'{0x00000000a2bd4ed8}: org/springframework/beans/factory/config/BeanFactoryPostProcessorCustomizer> (0x00000000a2bd4ed8) 
thrown [e:\jenkins\tmp\workspace\build\src\src\hotspot\share\classfile\systemDictionary.cpp, line 256]
Event: 1.908 Thread 0x0000020aced35c80 Exception <a 'java/lang/ClassNotFoundException'{0x00000000a2bda2e8}: org/springframework/core/PriorityOrderedCustomizer> (0x00000000a2bda2e8) 
thrown [e:\jenkins\tmp\workspace\build\src\src\hotspot\share\classfile\systemDictionary.cpp, line 256]
Event: 1.908 Thread 0x0000020aced35c80 Exception <a 'java/lang/ClassNotFoundException'{0x00000000a2bde308}: org/springframework/core/OrderedCustomizer> (0x00000000a2bde308) 
thrown [e:\jenkins\tmp\workspace\build\src\src\hotspot\share\classfile\systemDictionary.cpp, line 256]
Event: 1.909 Thread 0x0000020aced35c80 Exception <a 'java/lang/ClassNotFoundException'{0x00000000a2be3608}: org/springframework/context/ResourceLoaderAwareCustomizer> (0x00000000a2be3608) 
thrown [e:\jenkins\tmp\workspace\build\src\src\hotspot\share\classfile\systemDictionary.cpp, line 256]
Event: 1.910 Thread 0x0000020aced35c80 Exception <a 'java/lang/ClassNotFoundException'{0x00000000a2be8a10}: org/springframework/beans/factory/AwareCustomizer> (0x00000000a2be8a10) 
thrown [e:\jenkins\tmp\workspace\build\src\src\hotspot\share\classfile\systemDictionary.cpp, line 256]
Event: 1.911 Thread 0x0000020aced35c80 Exception <a 'java/lang/ClassNotFoundException'{0x00000000a2bece48}: org/springframework/context/ApplicationStartupAwareCustomizer> (0x00000000a2bece48) 
thrown [e:\jenkins\tmp\workspace\build\src\src\hotspot\share\classfile\systemDictionary.cpp, line 256]
Event: 1.912 Thread 0x0000020aced35c80 Exception <a 'java/lang/ClassNotFoundException'{0x00000000a2bf24d8}: org/springframework/beans/factory/AwareCustomizer> (0x00000000a2bf24d8) 
thrown [e:\jenkins\tmp\workspace\build\src\src\hotspot\share\classfile\systemDictionary.cpp, line 256]
Event: 1.913 Thread 0x0000020aced35c80 Exception <a 'java/lang/ClassNotFoundException'{0x00000000a2bf6998}: org/springframework/beans/factory/BeanClassLoaderAwareCustomizer> (0x00000000a2bf6998) 
thrown [e:\jenkins\tmp\workspace\build\src\src\hotspot\share\classfile\systemDictionary.cpp, line 256]
Event: 1.914 Thread 0x0000020aced35c80 Exception <a 'java/lang/ClassNotFoundException'{0x00000000a2bfbd88}: org/springframework/beans/factory/AwareCustomizer> (0x00000000a2bfbd88) 
thrown [e:\jenkins\tmp\workspace\build\src\src\hotspot\share\classfile\systemDictionary.cpp, line 256]
Event: 1.914 Thread 0x0000020aced35c80 Exception <a 'java/lang/ClassNotFoundException'{0x00000000a2a65940}: org/springframework/context/EnvironmentAwareCustomizer> (0x00000000a2a65940) 
thrown [e:\jenkins\tmp\workspace\build\src\src\hotspot\share\classfile\systemDictionary.cpp, line 256]
Event: 1.915 Thread 0x0000020aced35c80 Exception <a 'java/lang/ClassNotFoundException'{0x00000000a2a6acc8}: org/springframework/beans/factory/AwareCustomizer> (0x00000000a2a6acc8) 
thrown [e:\jenkins\tmp\workspace\build\src\src\hotspot\share\classfile\systemDictionary.cpp, line 256]
Event: 1.929 Thread 0x0000020acefe3080 Exception <a 'java/lang/NoSuchMethodError'{0x00000000a2a62420}: 'long java.lang.invoke.DirectMethodHandle$Holder.invokeSpecial(java.lang.Object, java.lang.Object)'> (0x00000000a2a62420) 
thrown [e:\jenkins\tmp\workspace\build\src\src\hotspot\share\interpreter\linkResolver.cpp, line 766]
Event: 1.932 Thread 0x0000020acefe3080 Exception <a 'java/lang/NoSuchMethodError'{0x00000000a2aed760}: 'long java.lang.invoke.DirectMethodHandle$Holder.invokeStatic(java.lang.Object, java.lang.Object)'> (0x00000000a2aed760) 
thrown [e:\jenkins\tmp\workspace\build\src\src\hotspot\share\interpreter\linkResolver.cpp, line 766]
Event: 1.932 Thread 0x0000020acefe3080 Exception <a 'java/lang/NoSuchMethodError'{0x00000000a2af0d60}: 'long java.lang.invoke.DirectMethodHandle$Holder.invokeStaticInit(java.lang.Object, java.lang.Object)'> (0x00000000a2af0d60) 
thrown [e:\jenkins\tmp\workspace\build\src\src\hotspot\share\interpreter\linkResolver.cpp, line 766]
Event: 1.935 Thread 0x0000020acefe3080 Exception <a 'java/lang/NoSuchMethodError'{0x00000000a2afe908}: 'long java.lang.invoke.DirectMethodHandle$Holder.invokeInterface(java.lang.Object, java.lang.Object)'> (0x00000000a2afe908) 
thrown [e:\jenkins\tmp\workspace\build\src\src\hotspot\share\interpreter\linkResolver.cpp, line 766]
Event: 1.935 Thread 0x0000020acefe3080 Exception <a 'java/lang/IncompatibleClassChangeError'{0x00000000a29829b0}: Found class java.lang.Object, but interface was expected> (0x00000000a29829b0) 
thrown [e:\jenkins\tmp\workspace\build\src\src\hotspot\share\interpreter\linkResolver.cpp, line 833]
Event: 1.948 Thread 0x0000020acefe3080 Exception <a 'java/lang/NoSuchMethodError'{0x00000000a29e6a40}: 'java.lang.Object java.lang.invoke.DirectMethodHandle$Holder.invokeVirtual(java.lang.Object, java.lang.Object, java.lang.Object, java.lang.Object)'> (0x00000000a29e6a40) 
thrown [e:\jenkins\tmp\workspace\build\src\src\hotspot\share\interpreter\linkResolver.cpp, line 766]
Event: 1.949 Thread 0x0000020aced35c80 Exception <a 'java/lang/NoSuchMethodError'{0x00000000a2968168}: 'java.lang.Object java.lang.invoke.DirectMethodHandle$Holder.invokeVirtual(java.lang.Object, java.lang.Object, java.lang.Object)'> (0x00000000a2968168) 
thrown [e:\jenkins\tmp\workspace\build\src\src\hotspot\share\interpreter\linkResolver.cpp, line 766]
Event: 2.209 Thread 0x0000020aced35c80 Exception <a 'java/lang/IncompatibleClassChangeError'{0x00000000a2500488}: Found class java.lang.Object, but interface was expected> (0x00000000a2500488) 
thrown [e:\jenkins\tmp\workspace\build\src\src\hotspot\share\interpreter\linkResolver.cpp, line 833]
Event: 2.255 Thread 0x0000020aced35c80 Exception <a 'java/lang/NoSuchMethodError'{0x00000000a2475188}: 'void java.lang.invoke.DirectMethodHandle$Holder.invokeInterface(java.lang.Object, java.lang.Object, java.lang.Object, java.lang.Object)'> (0x00000000a2475188) 
thrown [e:\jenkins\tmp\workspace\build\src\src\hotspot\share\interpreter\linkResolver.cpp, line 766]

VM Operations (20 events):
Event: 1.832 Executing VM operation: CollectForMetadataAllocation done
Event: 1.832 Executing VM operation: CollectForMetadataAllocation
Event: 1.833 Executing VM operation: CollectForMetadataAllocation done
Event: 1.840 Executing VM operation: G1Concurrent
Event: 1.841 Executing VM operation: G1Concurrent done
Event: 1.843 Executing VM operation: G1Concurrent
Event: 1.847 Executing VM operation: G1Concurrent done
Event: 1.847 Executing VM operation: HandshakeAllThreads
Event: 1.847 Executing VM operation: HandshakeAllThreads done
Event: 1.895 Executing VM operation: HandshakeAllThreads
Event: 1.895 Executing VM operation: HandshakeAllThreads done
Event: 1.936 Executing VM operation: HandshakeAllThreads
Event: 1.936 Executing VM operation: HandshakeAllThreads done
Event: 2.113 Executing VM operation: G1CollectForAllocation
Event: 2.117 Executing VM operation: G1CollectForAllocation done
Event: 2.117 Executing VM operation: G1CollectForAllocation
Event: 2.120 Executing VM operation: G1CollectForAllocation done
Event: 2.126 Executing VM operation: G1CollectForAllocation
Event: 2.126 Executing VM operation: G1CollectForAllocation done
Event: 2.349 Executing VM operation: G1CollectForAllocation

Events (20 events):
Event: 1.929 loading class java/util/function/ToLongFunction done
Event: 1.933 loading class java/net/SocketException
Event: 1.933 loading class java/net/SocketException done
Event: 1.952 Thread 0x0000020acefe3080 Thread exited: 0x0000020acefe3080
Event: 1.955 loading class java/util/regex/Pattern$LazyLoop
Event: 1.955 loading class java/util/regex/Pattern$Loop
Event: 1.955 loading class java/util/regex/Pattern$Loop done
Event: 1.955 loading class java/util/regex/Pattern$LazyLoop done
Event: 1.955 loading class java/util/regex/Pattern$Prolog
Event: 1.955 loading class java/util/regex/Pattern$Prolog done
Event: 2.073 Thread 0x0000020acf355840 Thread added: 0x0000020acf355840
Event: 2.150 loading class javax/naming/ldap/LdapContext
Event: 2.150 loading class javax/naming/directory/DirContext
Event: 2.150 loading class javax/naming/directory/DirContext done
Event: 2.150 loading class javax/naming/ldap/LdapContext done
Event: 2.193 Thread 0x0000020acf355840 Thread exited: 0x0000020acf355840
Event: 2.210 loading class java/util/HashMap$KeySpliterator
Event: 2.210 loading class java/util/HashMap$KeySpliterator done
Event: 2.245 loading class java/lang/Deprecated
Event: 2.245 loading class java/lang/Deprecated done


Dynamic libraries:
0x00007ff755060000 - 0x00007ff75506e000 	D:\Sofwares\JAVA\eclipse\plugins\org.eclipse.justj.openjdk.hotspot.jre.full.win32.x86_64_17.0.1.v20211116-1657\jre\bin\javaw.exe
0x00007ff98b050000 - 0x00007ff98b245000 	C:\Windows\SYSTEM32\ntdll.dll
0x00007ff9897f0000 - 0x00007ff9898ad000 	C:\Windows\System32\KERNEL32.DLL
0x00007ff988d20000 - 0x00007ff988fed000 	C:\Windows\System32\KERNELBASE.dll
0x00007ff988ad0000 - 0x00007ff988bd0000 	C:\Windows\System32\ucrtbase.dll
0x00007ff9822d0000 - 0x00007ff9822e9000 	D:\Sofwares\JAVA\eclipse\plugins\org.eclipse.justj.openjdk.hotspot.jre.full.win32.x86_64_17.0.1.v20211116-1657\jre\bin\VCRUNTIME140.dll
0x00007ff96ff50000 - 0x00007ff96ff68000 	D:\Sofwares\JAVA\eclipse\plugins\org.eclipse.justj.openjdk.hotspot.jre.full.win32.x86_64_17.0.1.v20211116-1657\jre\bin\jli.dll
0x00007ff98ab10000 - 0x00007ff98acb0000 	C:\Windows\System32\USER32.dll
0x00007ff970080000 - 0x00007ff97031a000 	C:\Windows\WinSxS\amd64_microsoft.windows.common-controls_6595b64144ccf1df_6.0.19041.1110_none_60b5254171f9507e\COMCTL32.dll
0x00007ff988760000 - 0x00007ff988782000 	C:\Windows\System32\win32u.dll
0x00007ff98a0f0000 - 0x00007ff98a11a000 	C:\Windows\System32\GDI32.dll
0x00007ff98a7e0000 - 0x00007ff98a87e000 	C:\Windows\System32\msvcrt.dll
0x00007ff9889c0000 - 0x00007ff988acb000 	C:\Windows\System32\gdi32full.dll
0x00007ff988920000 - 0x00007ff9889bd000 	C:\Windows\System32\msvcp_win.dll
0x00007ff98a300000 - 0x00007ff98a330000 	C:\Windows\System32\IMM32.DLL
0x00007ff982f50000 - 0x00007ff982f5c000 	D:\Sofwares\JAVA\eclipse\plugins\org.eclipse.justj.openjdk.hotspot.jre.full.win32.x86_64_17.0.1.v20211116-1657\jre\bin\vcruntime140_1.dll
0x00007ff95b7a0000 - 0x00007ff95b831000 	D:\Sofwares\JAVA\eclipse\plugins\org.eclipse.justj.openjdk.hotspot.jre.full.win32.x86_64_17.0.1.v20211116-1657\jre\bin\msvcp140.dll
0x00007ff938560000 - 0x00007ff9391a6000 	D:\Sofwares\JAVA\eclipse\plugins\org.eclipse.justj.openjdk.hotspot.jre.full.win32.x86_64_17.0.1.v20211116-1657\jre\bin\server\jvm.dll
0x00007ff98a180000 - 0x00007ff98a22e000 	C:\Windows\System32\ADVAPI32.dll
0x00007ff98acb0000 - 0x00007ff98ad4c000 	C:\Windows\System32\sechost.dll
0x00007ff98ad50000 - 0x00007ff98ae75000 	C:\Windows\System32\RPCRT4.dll
0x00007ff98ab00000 - 0x00007ff98ab08000 	C:\Windows\System32\PSAPI.DLL
0x00007ff973d00000 - 0x00007ff973d09000 	C:\Windows\SYSTEM32\WSOCK32.dll
0x00007ff97e530000 - 0x00007ff97e557000 	C:\Windows\SYSTEM32\WINMM.dll
0x00007ff98a230000 - 0x00007ff98a29b000 	C:\Windows\System32\WS2_32.dll
0x00007ff981e10000 - 0x00007ff981e1a000 	C:\Windows\SYSTEM32\VERSION.dll
0x00007ff986ff0000 - 0x00007ff987002000 	C:\Windows\SYSTEM32\kernel.appcore.dll
0x00007ff985cc0000 - 0x00007ff985cca000 	D:\Sofwares\JAVA\eclipse\plugins\org.eclipse.justj.openjdk.hotspot.jre.full.win32.x86_64_17.0.1.v20211116-1657\jre\bin\jimage.dll
0x00007ff986640000 - 0x00007ff986824000 	C:\Windows\SYSTEM32\DBGHELP.DLL
0x00007ff9724b0000 - 0x00007ff9724dc000 	C:\Windows\SYSTEM32\dbgcore.DLL
0x00007ff988c90000 - 0x00007ff988d12000 	C:\Windows\System32\bcryptPrimitives.dll
0x00007ff971d00000 - 0x00007ff971d25000 	D:\Sofwares\JAVA\eclipse\plugins\org.eclipse.justj.openjdk.hotspot.jre.full.win32.x86_64_17.0.1.v20211116-1657\jre\bin\java.dll
0x00007ff983ec0000 - 0x00007ff983ed8000 	D:\Sofwares\JAVA\eclipse\plugins\org.eclipse.justj.openjdk.hotspot.jre.full.win32.x86_64_17.0.1.v20211116-1657\jre\bin\zip.dll
0x00007ff9890a0000 - 0x00007ff9897e4000 	C:\Windows\System32\SHELL32.dll
0x00007ff986840000 - 0x00007ff986fd4000 	C:\Windows\SYSTEM32\windows.storage.dll
0x00007ff98a410000 - 0x00007ff98a764000 	C:\Windows\System32\combase.dll
0x00007ff9880f0000 - 0x00007ff98811c000 	C:\Windows\SYSTEM32\Wldp.dll
0x00007ff9898b0000 - 0x00007ff98995d000 	C:\Windows\System32\SHCORE.dll
0x00007ff98a120000 - 0x00007ff98a175000 	C:\Windows\System32\shlwapi.dll
0x00007ff9886a0000 - 0x00007ff9886bf000 	C:\Windows\SYSTEM32\profapi.dll
0x00007ff983740000 - 0x00007ff983759000 	D:\Sofwares\JAVA\eclipse\plugins\org.eclipse.justj.openjdk.hotspot.jre.full.win32.x86_64_17.0.1.v20211116-1657\jre\bin\net.dll
0x00007ff9795d0000 - 0x00007ff9796da000 	C:\Windows\SYSTEM32\WINHTTP.dll
0x00007ff987e50000 - 0x00007ff987eba000 	C:\Windows\system32\mswsock.dll
0x00007ff983120000 - 0x00007ff983135000 	D:\Sofwares\JAVA\eclipse\plugins\org.eclipse.justj.openjdk.hotspot.jre.full.win32.x86_64_17.0.1.v20211116-1657\jre\bin\nio.dll
0x00007ff984180000 - 0x00007ff984190000 	D:\Sofwares\JAVA\eclipse\plugins\org.eclipse.justj.openjdk.hotspot.jre.full.win32.x86_64_17.0.1.v20211116-1657\jre\bin\verify.dll
0x00007ff983fd0000 - 0x00007ff983fd9000 	D:\Sofwares\JAVA\eclipse\plugins\org.eclipse.justj.openjdk.hotspot.jre.full.win32.x86_64_17.0.1.v20211116-1657\jre\bin\management.dll
0x00007ff983100000 - 0x00007ff98310b000 	D:\Sofwares\JAVA\eclipse\plugins\org.eclipse.justj.openjdk.hotspot.jre.full.win32.x86_64_17.0.1.v20211116-1657\jre\bin\management_ext.dll
0x00007ff971ec0000 - 0x00007ff971ed7000 	C:\Windows\system32\napinsp.dll
0x00007ff971ea0000 - 0x00007ff971ebb000 	C:\Windows\system32\pnrpnsp.dll
0x00007ff971f10000 - 0x00007ff971f25000 	C:\Windows\system32\wshbth.dll
0x00007ff983ea0000 - 0x00007ff983ebd000 	C:\Windows\system32\NLAapi.dll
0x00007ff987b40000 - 0x00007ff987b7b000 	C:\Windows\SYSTEM32\IPHLPAPI.DLL
0x00007ff987b80000 - 0x00007ff987c4b000 	C:\Windows\SYSTEM32\DNSAPI.dll
0x00007ff98a0e0000 - 0x00007ff98a0e8000 	C:\Windows\System32\NSI.dll
0x00007ff971d30000 - 0x00007ff971d42000 	C:\Windows\System32\winrnr.dll
0x00007ff9795c0000 - 0x00007ff9795ca000 	C:\Windows\System32\rasadhlp.dll
0x00007ff9797e0000 - 0x00007ff979860000 	C:\Windows\System32\fwpuclnt.dll
0x00007ff988790000 - 0x00007ff9887b7000 	C:\Windows\System32\bcrypt.dll

dbghelp: loaded successfully - version: 4.0.5 - missing functions: none
symbol engine: initialized successfully - sym options: 0x614 - pdb path: .;D:\Sofwares\JAVA\eclipse\plugins\org.eclipse.justj.openjdk.hotspot.jre.full.win32.x86_64_17.0.1.v20211116-1657\jre\bin;C:\Windows\SYSTEM32;C:\Windows\WinSxS\amd64_microsoft.windows.common-controls_6595b64144ccf1df_6.0.19041.1110_none_60b5254171f9507e;D:\Sofwares\JAVA\eclipse\plugins\org.eclipse.justj.openjdk.hotspot.jre.full.win32.x86_64_17.0.1.v20211116-1657\jre\bin\server

VM Arguments:
jvm_args: -Dfile.encoding=UTF-8 -XX:+ShowCodeDetailsInExceptionMessages 
java_command: com.example.CapgProject.CapgProjectApplication
java_class_path (initial): C:\Users\ACER\Downloads\CapgProject\target\classes;C:\Users\ACER\.m2\repository\org\springframework\boot\spring-boot-starter-data-jdbc\2.7.0\spring-boot-starter-data-jdbc-2.7.0.jar;C:\Users\ACER\.m2\repository\org\springframework\boot\spring-boot-starter-jdbc\2.7.0\spring-boot-starter-jdbc-2.7.0.jar;C:\Users\ACER\.m2\repository\com\zaxxer\HikariCP\4.0.3\HikariCP-4.0.3.jar;C:\Users\ACER\.m2\repository\org\springframework\spring-jdbc\5.3.20\spring-jdbc-5.3.20.jar;C:\Users\ACER\.m2\repository\org\springframework\data\spring-data-jdbc\2.4.0\spring-data-jdbc-2.4.0.jar;C:\Users\ACER\.m2\repository\org\springframework\data\spring-data-relational\2.4.0\spring-data-relational-2.4.0.jar;C:\Users\ACER\.m2\repository\org\springframework\data\spring-data-commons\2.7.0\spring-data-commons-2.7.0.jar;C:\Users\ACER\.m2\repository\org\springframework\spring-tx\5.3.20\spring-tx-5.3.20.jar;C:\Users\ACER\.m2\repository\org\springframework\spring-context\5.3.20\spring-context-5.3.20.jar;C:\Users\ACER\.m2\repository\org\springframework\spring-beans\5.3.20\spring-beans-5.3.20.jar;C:\Users\ACER\.m2\repository\org\slf4j\slf4j-api\1.7.36\slf4j-api-1.7.36.jar;C:\Users\ACER\.m2\repository\org\springframework\boot\spring-boot-starter-data-jpa\2.7.0\spring-boot-starter-data-jpa-2.7.0.jar;C:\Users\ACER\.m2\repository\org\springframework\boot\spring-boot-starter-aop\2.7.0\spring-boot-starter-aop-2.7.0.jar;C:\Users\ACER\.m2\repository\org\springframework\spring-aop\5.3.20\spring-aop-5.3.20.jar;C:\Users\ACER\.m2\repository\org\aspectj\aspectjweaver\1.9.7\aspectjweaver-1.9.7.jar;C:\Users\ACER\.m2\repository\jakarta\transaction\jakarta.transaction-api\1.3.3\jakarta.transaction-api-1.3.3.jar;C:\Users\ACER\.m2\repository\jakarta\persistence\jakarta.persistence-api\2.2.3\jakarta.persistence-api-2.2.3.jar;C:\Users\ACER\.m2\repository\org\hibernate\hibernate-core\5.6.9.Final\hibernate-core-5.6.9.Final.jar;C:\Users\ACER\.m2\repository\org\jboss\logging\jboss-logging\3.4.3.Final\j
Launcher Type: SUN_STANDARD

[Global flags]
     intx CICompilerCount                          = 4                                         {product} {ergonomic}
     uint ConcGCThreads                            = 2                                         {product} {ergonomic}
     uint G1ConcRefinementThreads                  = 8                                         {product} {ergonomic}
   size_t G1HeapRegionSize                         = 1048576                                   {product} {ergonomic}
    uintx GCDrainStackTargetSize                   = 64                                        {product} {ergonomic}
   size_t InitialHeapSize                          = 100663296                                 {product} {ergonomic}
   size_t MarkStackSize                            = 4194304                                   {product} {ergonomic}
   size_t MaxHeapSize                              = 1595932672                                {product} {ergonomic}
   size_t MaxNewSize                               = 957349888                                 {product} {ergonomic}
   size_t MinHeapDeltaBytes                        = 1048576                                   {product} {ergonomic}
   size_t MinHeapSize                              = 8388608                                   {product} {ergonomic}
    uintx NonNMethodCodeHeapSize                   = 5839372                                {pd product} {ergonomic}
    uintx NonProfiledCodeHeapSize                  = 122909434                              {pd product} {ergonomic}
    uintx ProfiledCodeHeapSize                     = 122909434                              {pd product} {ergonomic}
    uintx ReservedCodeCacheSize                    = 251658240                              {pd product} {ergonomic}
     bool SegmentedCodeCache                       = true                                      {product} {ergonomic}
     bool ShowCodeDetailsInExceptionMessages       = true                                   {manageable} {command line}
   size_t SoftMaxHeapSize                          = 1595932672                             {manageable} {ergonomic}
     bool UseCompressedClassPointers               = true                           {product lp64_product} {ergonomic}
     bool UseCompressedOops                        = true                           {product lp64_product} {ergonomic}
     bool UseG1GC                                  = true                                      {product} {ergonomic}
     bool UseLargePagesIndividualAllocation        = false                                  {pd product} {ergonomic}

Logging:
Log output configuration:
 #0: stdout all=warning uptime,level,tags
 #1: stderr all=off uptime,level,tags

Environment Variables:
PATH=D:/Sofwares/JAVA/eclipse//plugins/org.eclipse.justj.openjdk.hotspot.jre.full.win32.x86_64_17.0.1.v20211116-1657/jre/bin/server;D:/Sofwares/JAVA/eclipse//plugins/org.eclipse.justj.openjdk.hotspot.jre.full.win32.x86_64_17.0.1.v20211116-1657/jre/bin;C:\oraclexe\app\oracle\product\11.2.0\server\bin;;C:\Windows\system32;C:\Windows;C:\Windows\System32\Wbem;C:\Windows\System32\WindowsPowerShell\v1.0\;C:\Windows\System32\OpenSSH\;C:\Program Files\Java\jdk-17.0.1\bin;C:\Program Files\nodejs\;C:\Users\ACER\AppData\Local\Microsoft\WindowsApps;C:\Users\ACER\AppData\Roaming\npm;C:\Users\ACER\AppData\Local\Programs\Microsoft VS Code\bin;D:\Sofwares\JAVA\eclipse;
USERNAME=ACER
OS=Windows_NT
PROCESSOR_IDENTIFIER=AMD64 Family 23 Model 24 Stepping 1, AuthenticAMD



---------------  S Y S T E M  ---------------

OS:
 Windows 10 , 64 bit Build 19041 (10.0.19041.1706)
OS uptime: 0 days 1:38 hours

CPU: total 8 (initial active 8) (8 cores per cpu, 2 threads per core) family 23 model 24 stepping 1 microcode 0x0, cx8, cmov, fxsr, ht, mmx, 3dnowpref, sse, sse2, sse3, ssse3, sse4a, sse4.1, sse4.2, popcnt, lzcnt, tsc, tscinvbit, avx, avx2, aes, clmul, bmi1, bmi2, adx, sha, fma, vzeroupper, clflush, clflushopt

Memory: 4k page, system-wide physical 6081M (426M free)
TotalPageFile size 9081M (AvailPageFile size 22M)
current process WorkingSet (physical memory assigned to process): 130M, peak: 134M
current process commit charge ("private bytes"): 188M, peak: 229M

vm_info: OpenJDK 64-Bit Server VM (17.0.1+12) for windows-amd64 JRE (17.0.1+12), built on Oct 20 2021 07:42:55 by "" with MS VC++ 16.7 (VS2019)

END.
