#
# There is insufficient memory for the Java Runtime Environment to continue.
# Native memory allocation (malloc) failed to allocate 1050912 bytes for Chunk::new
# Possible reasons:
#   The system is out of physical RAM or swap space
#   The process is running with CompressedOops enabled, and the Java Heap may be blocking the growth of the native heap
# Possible solutions:
#   Reduce memory load on the system
#   Increase physical memory or swap space
#   Check if swap backing store is full
#   Decrease Java heap size (-Xmx/-Xms)
#   Decrease number of Java threads
#   Decrease Java thread stack sizes (-Xss)
#   Set larger code cache with -XX:ReservedCodeCacheSize=
#   JVM is running with Unscaled Compressed Oops mode in which the Java heap is
#     placed in the first 4GB address space. The Java Heap base address is the
#     maximum limit for the native heap growth. Please use -XX:HeapBaseMinAddress
#     to set the Java Heap base and to place the Java Heap above 4GB virtual address.
# This output file may be truncated or incomplete.
#
#  Out of Memory Error (arena.cpp:189), pid=6276, tid=2856
#
# JRE version: OpenJDK Runtime Environment Temurin-17.0.1+12 (17.0.1+12) (build 17.0.1+12)
# Java VM: OpenJDK 64-Bit Server VM Temurin-17.0.1+12 (17.0.1+12, mixed mode, tiered, compressed oops, compressed class ptrs, g1 gc, windows-amd64)
# No core dump will be written. Minidumps are not enabled by default on client versions of Windows
#

---------------  S U M M A R Y ------------

Command Line: -Dfile.encoding=UTF-8 -XX:+ShowCodeDetailsInExceptionMessages com.example.CapgProject.CapgProjectApplication

Host: AMD Ryzen 5 3500U with Radeon Vega Mobile Gfx  , 8 cores, 5G,  Windows 10 , 64 bit Build 19041 (10.0.19041.1706)
Time: Fri May 27 14:58:54 2022 India Standard Time elapsed time: 26.246147 seconds (0d 0h 0m 26s)

---------------  T H R E A D  ---------------

Current thread (0x000001ec988154c0):  JavaThread "C2 CompilerThread0" daemon [_thread_in_native, id=2856, stack(0x000000e844d00000,0x000000e844e00000)]


Current CompileTask:
C2:  26246 4266   !   4       java.net.URL::<init> (543 bytes)

Stack: [0x000000e844d00000,0x000000e844e00000]
Native frames: (J=compiled Java code, j=interpreted, Vv=VM code, C=native code)
V  [jvm.dll+0x6744da]
V  [jvm.dll+0x82e144]
V  [jvm.dll+0x82f8ee]
V  [jvm.dll+0x82ff53]
V  [jvm.dll+0x245175]
V  [jvm.dll+0xab85b]
V  [jvm.dll+0xabdec]
V  [jvm.dll+0x362f07]
V  [jvm.dll+0x1bb698]
V  [jvm.dll+0x218189]
V  [jvm.dll+0x217451]
V  [jvm.dll+0x1a355d]
V  [jvm.dll+0x226e38]
V  [jvm.dll+0x224f7c]
V  [jvm.dll+0x7e3f5b]
V  [jvm.dll+0x7de51a]
V  [jvm.dll+0x673305]
C  [ucrtbase.dll+0x21bb2]
C  [KERNEL32.DLL+0x17034]
C  [ntdll.dll+0x52651]


---------------  P R O C E S S  ---------------

Threads class SMR info:
_java_thread_list=0x000001ec99113040, length=31, elements={
0x000001ec97c39090, 0x000001ec97c3a920, 0x000001ec97c85290, 0x000001ec97c86b60,
0x000001ec9880e830, 0x000001ec988103a0, 0x000001ec988154c0, 0x000001ec98815eb0,
0x000001ec98817820, 0x000001ec9894e2a0, 0x000001ec989702c0, 0x000001ec9bf5ada0,
0x000001ec991c3240, 0x000001ec991c40b0, 0x000001ec991c5d90, 0x000001ec991c3710,
0x000001ec991c3be0, 0x000001ec991c4580, 0x000001ec991c4a50, 0x000001ec991c4f20,
0x000001ec991c2d70, 0x000001ec991c6730, 0x000001ec991c58c0, 0x000001ec991c53f0,
0x000001ec991c6260, 0x000001ec9f6f7430, 0x000001ec9f6f82a0, 0x000001ec9f6fd470,
0x000001ec9f6f6f60, 0x000001ec9f6f8c40, 0x000001ec9f227290
}

Java Threads: ( => current thread )
  0x000001ec97c39090 JavaThread "Reference Handler" daemon [_thread_blocked, id=12576, stack(0x000000e844700000,0x000000e844800000)]
  0x000001ec97c3a920 JavaThread "Finalizer" daemon [_thread_blocked, id=1028, stack(0x000000e844800000,0x000000e844900000)]
  0x000001ec97c85290 JavaThread "Signal Dispatcher" daemon [_thread_blocked, id=1600, stack(0x000000e844900000,0x000000e844a00000)]
  0x000001ec97c86b60 JavaThread "Attach Listener" daemon [_thread_blocked, id=14376, stack(0x000000e844a00000,0x000000e844b00000)]
  0x000001ec9880e830 JavaThread "Service Thread" daemon [_thread_blocked, id=8232, stack(0x000000e844b00000,0x000000e844c00000)]
  0x000001ec988103a0 JavaThread "Monitor Deflation Thread" daemon [_thread_blocked, id=2216, stack(0x000000e844c00000,0x000000e844d00000)]
=>0x000001ec988154c0 JavaThread "C2 CompilerThread0" daemon [_thread_in_native, id=2856, stack(0x000000e844d00000,0x000000e844e00000)]
  0x000001ec98815eb0 JavaThread "C1 CompilerThread0" daemon [_thread_blocked, id=12920, stack(0x000000e844e00000,0x000000e844f00000)]
  0x000001ec98817820 JavaThread "Sweeper thread" daemon [_thread_blocked, id=6112, stack(0x000000e844f00000,0x000000e845000000)]
  0x000001ec9894e2a0 JavaThread "Notification Thread" daemon [_thread_blocked, id=7424, stack(0x000000e845000000,0x000000e845100000)]
  0x000001ec989702c0 JavaThread "Common-Cleaner" daemon [_thread_blocked, id=11876, stack(0x000000e845200000,0x000000e845300000)]
  0x000001ec9bf5ada0 JavaThread "HikariPool-1 housekeeper" daemon [_thread_blocked, id=13140, stack(0x000000e845400000,0x000000e845500000)]
  0x000001ec991c3240 JavaThread "Catalina-utility-1" [_thread_blocked, id=12984, stack(0x000000e846100000,0x000000e846200000)]
  0x000001ec991c40b0 JavaThread "Catalina-utility-2" [_thread_blocked, id=13344, stack(0x000000e846200000,0x000000e846300000)]
  0x000001ec991c5d90 JavaThread "container-0" [_thread_blocked, id=8888, stack(0x000000e846300000,0x000000e846400000)]
  0x000001ec991c3710 JavaThread "File Watcher" daemon [_thread_blocked, id=2656, stack(0x000000e846400000,0x000000e846500000)]
  0x000001ec991c3be0 JavaThread "Live Reload Server" daemon [_thread_in_native, id=13668, stack(0x000000e846600000,0x000000e846700000)]
  0x000001ec991c4580 JavaThread "http-nio-8089-exec-1" daemon [_thread_in_vm, id=12504, stack(0x000000e846500000,0x000000e846600000)]
  0x000001ec991c4a50 JavaThread "http-nio-8089-exec-2" daemon [_thread_blocked, id=15052, stack(0x000000e846700000,0x000000e846800000)]
  0x000001ec991c4f20 JavaThread "http-nio-8089-exec-3" daemon [_thread_blocked, id=14580, stack(0x000000e846800000,0x000000e846900000)]
  0x000001ec991c2d70 JavaThread "http-nio-8089-exec-4" daemon [_thread_blocked, id=6020, stack(0x000000e846900000,0x000000e846a00000)]
  0x000001ec991c6730 JavaThread "http-nio-8089-exec-5" daemon [_thread_blocked, id=440, stack(0x000000e846a00000,0x000000e846b00000)]
  0x000001ec991c58c0 JavaThread "http-nio-8089-exec-6" daemon [_thread_blocked, id=1952, stack(0x000000e846b00000,0x000000e846c00000)]
  0x000001ec991c53f0 JavaThread "http-nio-8089-exec-7" daemon [_thread_blocked, id=13192, stack(0x000000e846c00000,0x000000e846d00000)]
  0x000001ec991c6260 JavaThread "http-nio-8089-exec-8" daemon [_thread_blocked, id=14360, stack(0x000000e846d00000,0x000000e846e00000)]
  0x000001ec9f6f7430 JavaThread "http-nio-8089-exec-9" daemon [_thread_blocked, id=5172, stack(0x000000e846e00000,0x000000e846f00000)]
  0x000001ec9f6f82a0 JavaThread "http-nio-8089-exec-10" daemon [_thread_blocked, id=4776, stack(0x000000e846f00000,0x000000e847000000)]
  0x000001ec9f6fd470 JavaThread "http-nio-8089-Poller" daemon [_thread_in_native, id=10612, stack(0x000000e847000000,0x000000e847100000)]
  0x000001ec9f6f6f60 JavaThread "http-nio-8089-Acceptor" daemon [_thread_in_native, id=15040, stack(0x000000e847100000,0x000000e847200000)]
  0x000001ec9f6f8c40 JavaThread "DestroyJavaVM" [_thread_blocked, id=2272, stack(0x000000e844000000,0x000000e844100000)]
  0x000001ec9f227290 JavaThread "C2 CompilerThread1" daemon [_thread_in_native, id=15064, stack(0x000000e845300000,0x000000e845400000)]

Other Threads:
  0x000001ecfef9ed00 VMThread "VM Thread" [stack: 0x000000e844600000,0x000000e844700000] [id=12212]
  0x000001ec98954790 WatcherThread [stack: 0x000000e845100000,0x000000e845200000] [id=9728]
  0x000001ecfeefc1a0 GCTaskThread "GC Thread#0" [stack: 0x000000e844100000,0x000000e844200000] [id=9340]
  0x000001ec99dace50 GCTaskThread "GC Thread#1" [stack: 0x000000e845500000,0x000000e845600000] [id=1352]
  0x000001ec99eb4fc0 GCTaskThread "GC Thread#2" [stack: 0x000000e845600000,0x000000e845700000] [id=10760]
  0x000001ec99db7b70 GCTaskThread "GC Thread#3" [stack: 0x000000e845700000,0x000000e845800000] [id=32]
  0x000001ec99db7e20 GCTaskThread "GC Thread#4" [stack: 0x000000e845800000,0x000000e845900000] [id=10272]
  0x000001ec99c266f0 GCTaskThread "GC Thread#5" [stack: 0x000000e845900000,0x000000e845a00000] [id=6768]
  0x000001ec9a264990 GCTaskThread "GC Thread#6" [stack: 0x000000e845c00000,0x000000e845d00000] [id=14328]
  0x000001ec9a1531a0 GCTaskThread "GC Thread#7" [stack: 0x000000e845d00000,0x000000e845e00000] [id=6316]
  0x000001ecfef0a330 ConcurrentGCThread "G1 Main Marker" [stack: 0x000000e844200000,0x000000e844300000] [id=9356]
  0x000001ecfef0b4e0 ConcurrentGCThread "G1 Conc#0" [stack: 0x000000e844300000,0x000000e844400000] [id=6960]
  0x000001ec9a65c0b0 ConcurrentGCThread "G1 Conc#1" [stack: 0x000000e845e00000,0x000000e845f00000] [id=12640]
  0x000001ecfef7f8f0 ConcurrentGCThread "G1 Refine#0" [stack: 0x000000e844400000,0x000000e844500000] [id=14416]
  0x000001ecfef80310 ConcurrentGCThread "G1 Service" [stack: 0x000000e844500000,0x000000e844600000] [id=9772]

Threads with active compile tasks:
C2 CompilerThread0    26286 4266   !   4       java.net.URL::<init> (543 bytes)
C2 CompilerThread1    26287 4298       4       java.security.SecureClassLoader::defineClass (16 bytes)

VM state: not at safepoint (normal execution)

VM Mutex/Monitor currently owned by a thread: None

Heap address: 0x00000000a0e00000, size: 1522 MB, Compressed Oops mode: 32-bit

CDS archive(s) not mapped
Compressed class space mapped at: 0x0000000100000000-0x0000000140000000, reserved size: 1073741824
Narrow klass base: 0x0000000000000000, Narrow klass shift: 3, Narrow klass range: 0x140000000

GC Precious Log:
 CPUs: 8 total, 8 available
 Memory: 6081M
 Large Page Support: Disabled
 NUMA Support: Disabled
 Compressed Oops: Enabled (32-bit)
 Heap Region Size: 1M
 Heap Min Capacity: 8M
 Heap Initial Capacity: 96M
 Heap Max Capacity: 1522M
 Pre-touch: Disabled
 Parallel Workers: 8
 Concurrent Workers: 2
 Concurrent Refinement Workers: 8
 Periodic GC: Disabled

Heap:
 garbage-first heap   total 58368K, used 23909K [0x00000000a0e00000, 0x0000000100000000)
  region size 1024K, 5 young (5120K), 3 survivors (3072K)
 Metaspace       used 56383K, committed 56704K, reserved 1105920K
  class space    used 6953K, committed 7104K, reserved 1048576K

Heap Regions: E=young(eden), S=young(survivor), O=old, HS=humongous(starts), HC=humongous(continues), CS=collection set, F=free, OA=open archive, CA=closed archive, TAMS=top-at-mark-start (previous, next)
|   0|0x00000000a0e00000, 0x00000000a0f00000, 0x00000000a0f00000|100%|HS|  |TAMS 0x00000000a0f00000, 0x00000000a0e00000| Complete 
|   1|0x00000000a0f00000, 0x00000000a1000000, 0x00000000a1000000|100%| O|  |TAMS 0x00000000a1000000, 0x00000000a0f00000| Untracked 
|   2|0x00000000a1000000, 0x00000000a1100000, 0x00000000a1100000|100%| O|  |TAMS 0x00000000a1100000, 0x00000000a1000000| Untracked 
|   3|0x00000000a1100000, 0x00000000a1200000, 0x00000000a1200000|100%| O|  |TAMS 0x00000000a1200000, 0x00000000a1100000| Untracked 
|   4|0x00000000a1200000, 0x00000000a1300000, 0x00000000a1300000|100%| O|  |TAMS 0x00000000a1300000, 0x00000000a1200000| Untracked 
|   5|0x00000000a1300000, 0x00000000a1400000, 0x00000000a1400000|100%| O|  |TAMS 0x00000000a1400000, 0x00000000a1300000| Untracked 
|   6|0x00000000a1400000, 0x00000000a1500000, 0x00000000a1500000|100%| O|  |TAMS 0x00000000a1500000, 0x00000000a1400000| Untracked 
|   7|0x00000000a1500000, 0x00000000a1600000, 0x00000000a1600000|100%| O|  |TAMS 0x00000000a1600000, 0x00000000a1500000| Untracked 
|   8|0x00000000a1600000, 0x00000000a1700000, 0x00000000a1700000|100%| O|  |TAMS 0x00000000a1700000, 0x00000000a1600000| Untracked 
|   9|0x00000000a1700000, 0x00000000a1800000, 0x00000000a1800000|100%| O|  |TAMS 0x00000000a1800000, 0x00000000a1700000| Untracked 
|  10|0x00000000a1800000, 0x00000000a1900000, 0x00000000a1900000|100%| O|  |TAMS 0x00000000a1900000, 0x00000000a1800000| Untracked 
|  11|0x00000000a1900000, 0x00000000a1a00000, 0x00000000a1a00000|100%| O|  |TAMS 0x00000000a1a00000, 0x00000000a1900000| Untracked 
|  12|0x00000000a1a00000, 0x00000000a1b00000, 0x00000000a1b00000|100%| O|  |TAMS 0x00000000a1b00000, 0x00000000a1a00000| Untracked 
|  13|0x00000000a1b00000, 0x00000000a1c00000, 0x00000000a1c00000|100%| O|  |TAMS 0x00000000a1c00000, 0x00000000a1b00000| Untracked 
|  14|0x00000000a1c00000, 0x00000000a1ca8600, 0x00000000a1d00000| 65%| O|  |TAMS 0x00000000a1ca8600, 0x00000000a1c00000| Untracked 
|  15|0x00000000a1d00000, 0x00000000a1e00000, 0x00000000a1e00000|100%| O|  |TAMS 0x00000000a1d00000, 0x00000000a1d00000| Untracked 
|  16|0x00000000a1e00000, 0x00000000a1f00000, 0x00000000a1f00000|100%| O|  |TAMS 0x00000000a1e00000, 0x00000000a1e00000| Untracked 
|  17|0x00000000a1f00000, 0x00000000a2000000, 0x00000000a2000000|100%| O|  |TAMS 0x00000000a1f00000, 0x00000000a1f00000| Untracked 
|  18|0x00000000a2000000, 0x00000000a2100000, 0x00000000a2100000|100%| O|  |TAMS 0x00000000a2000000, 0x00000000a2000000| Untracked 
|  19|0x00000000a2100000, 0x00000000a2200000, 0x00000000a2200000|100%| O|  |TAMS 0x00000000a2100000, 0x00000000a2100000| Untracked 
|  20|0x00000000a2200000, 0x00000000a2252000, 0x00000000a2300000| 32%| O|  |TAMS 0x00000000a2200000, 0x00000000a2200000| Untracked 
|  21|0x00000000a2300000, 0x00000000a2300000, 0x00000000a2400000|  0%| F|  |TAMS 0x00000000a2300000, 0x00000000a2300000| Untracked 
|  22|0x00000000a2400000, 0x00000000a2400000, 0x00000000a2500000|  0%| F|  |TAMS 0x00000000a2400000, 0x00000000a2400000| Untracked 
|  23|0x00000000a2500000, 0x00000000a2500000, 0x00000000a2600000|  0%| F|  |TAMS 0x00000000a2500000, 0x00000000a2500000| Untracked 
|  24|0x00000000a2600000, 0x00000000a2600000, 0x00000000a2700000|  0%| F|  |TAMS 0x00000000a2600000, 0x00000000a2600000| Untracked 
|  25|0x00000000a2700000, 0x00000000a2700000, 0x00000000a2800000|  0%| F|  |TAMS 0x00000000a2700000, 0x00000000a2700000| Untracked 
|  26|0x00000000a2800000, 0x00000000a285ef58, 0x00000000a2900000| 37%| S|CS|TAMS 0x00000000a2800000, 0x00000000a2800000| Complete 
|  27|0x00000000a2900000, 0x00000000a2900000, 0x00000000a2a00000|  0%| F|  |TAMS 0x00000000a2900000, 0x00000000a2900000| Untracked 
|  28|0x00000000a2a00000, 0x00000000a2a00000, 0x00000000a2b00000|  0%| F|  |TAMS 0x00000000a2a00000, 0x00000000a2a00000| Untracked 
|  29|0x00000000a2b00000, 0x00000000a2b00000, 0x00000000a2c00000|  0%| F|  |TAMS 0x00000000a2b00000, 0x00000000a2b00000| Untracked 
|  30|0x00000000a2c00000, 0x00000000a2d00000, 0x00000000a2d00000|100%| S|CS|TAMS 0x00000000a2c00000, 0x00000000a2c00000| Complete 
|  31|0x00000000a2d00000, 0x00000000a2e00000, 0x00000000a2e00000|100%| S|CS|TAMS 0x00000000a2d00000, 0x00000000a2d00000| Complete 
|  32|0x00000000a2e00000, 0x00000000a2e00000, 0x00000000a2f00000|  0%| F|  |TAMS 0x00000000a2e00000, 0x00000000a2e00000| Untracked 
|  33|0x00000000a2f00000, 0x00000000a2f00000, 0x00000000a3000000|  0%| F|  |TAMS 0x00000000a2f00000, 0x00000000a2f00000| Untracked 
|  34|0x00000000a3000000, 0x00000000a3000000, 0x00000000a3100000|  0%| F|  |TAMS 0x00000000a3000000, 0x00000000a3000000| Untracked 
|  35|0x00000000a3100000, 0x00000000a3100000, 0x00000000a3200000|  0%| F|  |TAMS 0x00000000a3100000, 0x00000000a3100000| Untracked 
|  36|0x00000000a3200000, 0x00000000a3200000, 0x00000000a3300000|  0%| F|  |TAMS 0x00000000a3200000, 0x00000000a3200000| Untracked 
|  37|0x00000000a3300000, 0x00000000a3300000, 0x00000000a3400000|  0%| F|  |TAMS 0x00000000a3300000, 0x00000000a3300000| Untracked 
|  38|0x00000000a3400000, 0x00000000a3400000, 0x00000000a3500000|  0%| F|  |TAMS 0x00000000a3400000, 0x00000000a3400000| Untracked 
|  39|0x00000000a3500000, 0x00000000a3500000, 0x00000000a3600000|  0%| F|  |TAMS 0x00000000a3500000, 0x00000000a3500000| Untracked 
|  40|0x00000000a3600000, 0x00000000a3600000, 0x00000000a3700000|  0%| F|  |TAMS 0x00000000a3600000, 0x00000000a3600000| Untracked 
|  41|0x00000000a3700000, 0x00000000a3700000, 0x00000000a3800000|  0%| F|  |TAMS 0x00000000a3700000, 0x00000000a3700000| Untracked 
|  42|0x00000000a3800000, 0x00000000a3800000, 0x00000000a3900000|  0%| F|  |TAMS 0x00000000a3800000, 0x00000000a3800000| Untracked 
|  43|0x00000000a3900000, 0x00000000a3900000, 0x00000000a3a00000|  0%| F|  |TAMS 0x00000000a3900000, 0x00000000a3900000| Untracked 
|  44|0x00000000a3a00000, 0x00000000a3a00000, 0x00000000a3b00000|  0%| F|  |TAMS 0x00000000a3a00000, 0x00000000a3a00000| Untracked 
|  45|0x00000000a3b00000, 0x00000000a3b00000, 0x00000000a3c00000|  0%| F|  |TAMS 0x00000000a3b00000, 0x00000000a3b00000| Untracked 
|  46|0x00000000a3c00000, 0x00000000a3c00000, 0x00000000a3d00000|  0%| F|  |TAMS 0x00000000a3c00000, 0x00000000a3c00000| Untracked 
|  47|0x00000000a3d00000, 0x00000000a3d00000, 0x00000000a3e00000|  0%| F|  |TAMS 0x00000000a3d00000, 0x00000000a3d00000| Untracked 
|  48|0x00000000a3e00000, 0x00000000a3e00000, 0x00000000a3f00000|  0%| F|  |TAMS 0x00000000a3e00000, 0x00000000a3e00000| Untracked 
|  49|0x00000000a3f00000, 0x00000000a3f00000, 0x00000000a4000000|  0%| F|  |TAMS 0x00000000a3f00000, 0x00000000a3f00000| Untracked 
|  50|0x00000000a4000000, 0x00000000a4000000, 0x00000000a4100000|  0%| F|  |TAMS 0x00000000a4000000, 0x00000000a4000000| Untracked 
|  51|0x00000000a4100000, 0x00000000a4100000, 0x00000000a4200000|  0%| F|  |TAMS 0x00000000a4100000, 0x00000000a4100000| Untracked 
|  52|0x00000000a4200000, 0x00000000a4200000, 0x00000000a4300000|  0%| F|  |TAMS 0x00000000a4200000, 0x00000000a4200000| Untracked 
|  53|0x00000000a4300000, 0x00000000a4300000, 0x00000000a4400000|  0%| F|  |TAMS 0x00000000a4300000, 0x00000000a4300000| Untracked 
|  54|0x00000000a4400000, 0x00000000a4400000, 0x00000000a4500000|  0%| F|  |TAMS 0x00000000a4400000, 0x00000000a4400000| Untracked 
|  94|0x00000000a6c00000, 0x00000000a6c26828, 0x00000000a6d00000| 15%| E|  |TAMS 0x00000000a6c00000, 0x00000000a6c00000| Complete 
| 110|0x00000000a7c00000, 0x00000000a7d00000, 0x00000000a7d00000|100%| E|CS|TAMS 0x00000000a7c00000, 0x00000000a7c00000| Complete 

Card table byte_map: [0x000001ecff5d0000,0x000001ecff8d0000] _byte_map_base: 0x000001ecff0c9000

Marking Bits (Prev, Next): (CMBitMap*) 0x000001ecfeefdbc0, (CMBitMap*) 0x000001ecfeefdc00
 Prev Bits: [0x000001ec925d0000, 0x000001ec93d98000)
 Next Bits: [0x000001ec93da0000, 0x000001ec95568000)

Polling page: 0x000001ecfcee0000

Metaspace:

Usage:
  Non-class:     48.29 MB used.
      Class:      6.79 MB used.
       Both:     55.08 MB used.

Virtual space:
  Non-class space:       56.00 MB reserved,      48.44 MB ( 86%) committed,  7 nodes.
      Class space:        1.00 GB reserved,       6.94 MB ( <1%) committed,  1 nodes.
             Both:        1.05 GB reserved,      55.38 MB (  5%) committed. 

Chunk freelists:
   Non-Class:  3.52 MB
       Class:  912.00 KB
        Both:  4.41 MB

MaxMetaspaceSize: unlimited
CompressedClassSpaceSize: 1.00 GB
Initial GC threshold: 21.00 MB
Current GC threshold: 59.00 MB
CDS: off
MetaspaceReclaimPolicy: balanced
 - commit_granule_bytes: 65536.
 - commit_granule_words: 8192.
 - virtual_space_node_default_size: 1048576.
 - enlarge_chunks_in_place: 1.
 - new_chunks_are_fully_committed: 0.
 - uncommit_free_chunks: 1.
 - use_allocation_guard: 0.
 - handle_deallocations: 1.


Internal statistics:

num_allocs_failed_limit: 6.
num_arena_births: 380.
num_arena_deaths: 0.
num_vsnodes_births: 8.
num_vsnodes_deaths: 0.
num_space_committed: 886.
num_space_uncommitted: 0.
num_chunks_returned_to_freelist: 6.
num_chunks_taken_from_freelist: 2115.
num_chunk_merges: 6.
num_chunk_splits: 1495.
num_chunks_enlarged: 1184.
num_purges: 0.
num_inconsistent_stats: 0.

CodeHeap 'non-profiled nmethods': size=120000Kb used=2766Kb max_used=3009Kb free=117233Kb
 bounds [0x000001ec8b0a0000, 0x000001ec8b3a0000, 0x000001ec925d0000]
CodeHeap 'profiled nmethods': size=120000Kb used=8175Kb max_used=9421Kb free=111824Kb
 bounds [0x000001ec83b70000, 0x000001ec844b0000, 0x000001ec8b0a0000]
CodeHeap 'non-nmethods': size=5760Kb used=1260Kb max_used=1315Kb free=4499Kb
 bounds [0x000001ec835d0000, 0x000001ec83840000, 0x000001ec83b70000]
 total_blobs=4427 nmethods=3851 adapters=487
 compilation: enabled
              stopped_count=0, restarted_count=0
 full_count=0

Compilation events (20 events):
Event: 26.149 Thread 0x000001ec9f227290 nmethod 4286 0x000001ec8b38b110 code [0x000001ec8b38b2a0, 0x000001ec8b38b498]
Event: 26.149 Thread 0x000001ec9f227290 4290       4       jdk.internal.org.objectweb.asm.Frame::getAbstractTypeFromDescriptor (415 bytes)
Event: 26.169 Thread 0x000001ec9f227290 nmethod 4290 0x000001ec8b38b690 code [0x000001ec8b38b8a0, 0x000001ec8b38c760]
Event: 26.169 Thread 0x000001ec9f227290 4287   !   4       java.lang.Class::getTypeName (59 bytes)
Event: 26.205 Thread 0x000001ec9f227290 nmethod 4287 0x000001ec8b38d010 code [0x000001ec8b38d200, 0x000001ec8b38e298]
Event: 26.205 Thread 0x000001ec9f227290 4285       4       java.util.HashMap::<init> (98 bytes)
Event: 26.207 Thread 0x000001ec9f227290 nmethod 4285 0x000001ec8b38ea90 code [0x000001ec8b38ec00, 0x000001ec8b38ed78]
Event: 26.207 Thread 0x000001ec9f227290 4284       4       java.lang.ClassLoader::checkCerts (121 bytes)
Event: 26.219 Thread 0x000001ec98815eb0 4295       1       com.fasterxml.jackson.databind.JavaType::getRawClass (5 bytes)
Event: 26.219 Thread 0x000001ec98815eb0 nmethod 4295 0x000001ec8b38ee90 code [0x000001ec8b38f020, 0x000001ec8b38f0f8]
Event: 26.221 Thread 0x000001ec98815eb0 4296       1       org.springframework.util.MimeType::getType (5 bytes)
Event: 26.221 Thread 0x000001ec98815eb0 nmethod 4296 0x000001ec8b38f190 code [0x000001ec8b38f320, 0x000001ec8b38f3f8]
Event: 26.221 Thread 0x000001ec98815eb0 4297       1       org.springframework.util.MimeType::getSubtype (5 bytes)
Event: 26.221 Thread 0x000001ec98815eb0 nmethod 4297 0x000001ec8b38f490 code [0x000001ec8b38f620, 0x000001ec8b38f6f8]
Event: 26.236 Thread 0x000001ec98815eb0 4299       3       java.net.URLConnection::<init> (62 bytes)
Event: 26.237 Thread 0x000001ec98815eb0 nmethod 4299 0x000001ec844a2090 code [0x000001ec844a22a0, 0x000001ec844a29e8]
Event: 26.237 Thread 0x000001ec98815eb0 4300       3       java.net.URLConnection::getDefaultUseCaches (30 bytes)
Event: 26.237 Thread 0x000001ec98815eb0 nmethod 4300 0x000001ec844a2c10 code [0x000001ec844a2e00, 0x000001ec844a3348]
Event: 26.238 Thread 0x000001ec9f227290 nmethod 4284 0x000001ec8b38f790 code [0x000001ec8b38f940, 0x000001ec8b390128]
Event: 26.238 Thread 0x000001ec9f227290 4301       4       java.util.Properties$LineReader::readLine (584 bytes)

GC Heap History (20 events):
Event: 3.215 GC heap before
{Heap before GC invocations=4 (full 0):
 garbage-first heap   total 37888K, used 27151K [0x00000000a0e00000, 0x0000000100000000)
  region size 1024K, 23 young (23552K), 3 survivors (3072K)
 Metaspace       used 23752K, committed 24000K, reserved 1073152K
  class space    used 2637K, committed 2752K, reserved 1048576K
}
Event: 3.221 GC heap after
{Heap after GC invocations=5 (full 0):
 garbage-first heap   total 37888K, used 9580K [0x00000000a0e00000, 0x0000000100000000)
  region size 1024K, 3 young (3072K), 3 survivors (3072K)
 Metaspace       used 23752K, committed 24000K, reserved 1073152K
  class space    used 2637K, committed 2752K, reserved 1048576K
}
Event: 3.222 GC heap before
{Heap before GC invocations=5 (full 0):
 garbage-first heap   total 37888K, used 9580K [0x00000000a0e00000, 0x0000000100000000)
  region size 1024K, 4 young (4096K), 3 survivors (3072K)
 Metaspace       used 23752K, committed 24000K, reserved 1073152K
  class space    used 2637K, committed 2752K, reserved 1048576K
}
Event: 3.227 GC heap after
{Heap after GC invocations=6 (full 0):
 garbage-first heap   total 37888K, used 9316K [0x00000000a0e00000, 0x0000000100000000)
  region size 1024K, 1 young (1024K), 1 survivors (1024K)
 Metaspace       used 23752K, committed 24000K, reserved 1073152K
  class space    used 2637K, committed 2752K, reserved 1048576K
}
Event: 3.238 GC heap before
{Heap before GC invocations=6 (full 0):
 garbage-first heap   total 37888K, used 25700K [0x00000000a0e00000, 0x0000000100000000)
  region size 1024K, 18 young (18432K), 1 survivors (1024K)
 Metaspace       used 23752K, committed 24000K, reserved 1073152K
  class space    used 2637K, committed 2752K, reserved 1048576K
}
Event: 3.238 GC heap after
{Heap after GC invocations=7 (full 0):
 garbage-first heap   total 37888K, used 9340K [0x00000000a0e00000, 0x0000000100000000)
  region size 1024K, 1 young (1024K), 1 survivors (1024K)
 Metaspace       used 23752K, committed 24000K, reserved 1073152K
  class space    used 2637K, committed 2752K, reserved 1048576K
}
Event: 3.696 GC heap before
{Heap before GC invocations=7 (full 0):
 garbage-first heap   total 37888K, used 26748K [0x00000000a0e00000, 0x0000000100000000)
  region size 1024K, 19 young (19456K), 1 survivors (1024K)
 Metaspace       used 24684K, committed 24960K, reserved 1073152K
  class space    used 2738K, committed 2880K, reserved 1048576K
}
Event: 3.699 GC heap after
{Heap after GC invocations=8 (full 0):
 garbage-first heap   total 113664K, used 10119K [0x00000000a0e00000, 0x0000000100000000)
  region size 1024K, 1 young (1024K), 1 survivors (1024K)
 Metaspace       used 24684K, committed 24960K, reserved 1073152K
  class space    used 2738K, committed 2880K, reserved 1048576K
}
Event: 6.730 GC heap before
{Heap before GC invocations=8 (full 0):
 garbage-first heap   total 113664K, used 75655K [0x00000000a0e00000, 0x0000000100000000)
  region size 1024K, 66 young (67584K), 1 survivors (1024K)
 Metaspace       used 33879K, committed 34176K, reserved 1081344K
  class space    used 3950K, committed 4032K, reserved 1048576K
}
Event: 6.741 GC heap after
{Heap after GC invocations=9 (full 0):
 garbage-first heap   total 113664K, used 15084K [0x00000000a0e00000, 0x0000000100000000)
  region size 1024K, 6 young (6144K), 6 survivors (6144K)
 Metaspace       used 33879K, committed 34176K, reserved 1081344K
  class space    used 3950K, committed 4032K, reserved 1048576K
}
Event: 6.925 GC heap before
{Heap before GC invocations=9 (full 0):
 garbage-first heap   total 113664K, used 75500K [0x00000000a0e00000, 0x0000000100000000)
  region size 1024K, 66 young (67584K), 6 survivors (6144K)
 Metaspace       used 34584K, committed 34880K, reserved 1081344K
  class space    used 4012K, committed 4160K, reserved 1048576K
}
Event: 6.934 GC heap after
{Heap after GC invocations=10 (full 0):
 garbage-first heap   total 113664K, used 16033K [0x00000000a0e00000, 0x0000000100000000)
  region size 1024K, 1 young (1024K), 1 survivors (1024K)
 Metaspace       used 34584K, committed 34880K, reserved 1081344K
  class space    used 4012K, committed 4160K, reserved 1048576K
}
Event: 7.315 GC heap before
{Heap before GC invocations=10 (full 0):
 garbage-first heap   total 113664K, used 30369K [0x00000000a0e00000, 0x0000000100000000)
  region size 1024K, 17 young (17408K), 1 survivors (1024K)
 Metaspace       used 35814K, committed 36096K, reserved 1081344K
  class space    used 4143K, committed 4288K, reserved 1048576K
}
Event: 7.318 GC heap after
{Heap after GC invocations=11 (full 0):
 garbage-first heap   total 113664K, used 15962K [0x00000000a0e00000, 0x0000000100000000)
  region size 1024K, 1 young (1024K), 1 survivors (1024K)
 Metaspace       used 35814K, committed 36096K, reserved 1081344K
  class space    used 4143K, committed 4288K, reserved 1048576K
}
Event: 9.421 GC heap before
{Heap before GC invocations=12 (full 0):
 garbage-first heap   total 58368K, used 49754K [0x00000000a0e00000, 0x0000000100000000)
  region size 1024K, 34 young (34816K), 1 survivors (1024K)
 Metaspace       used 45212K, committed 45504K, reserved 1089536K
  class space    used 5468K, committed 5632K, reserved 1048576K
}
Event: 9.427 GC heap after
{Heap after GC invocations=13 (full 0):
 garbage-first heap   total 58368K, used 18201K [0x00000000a0e00000, 0x0000000100000000)
  region size 1024K, 4 young (4096K), 4 survivors (4096K)
 Metaspace       used 45212K, committed 45504K, reserved 1089536K
  class space    used 5468K, committed 5632K, reserved 1048576K
}
Event: 10.993 GC heap before
{Heap before GC invocations=13 (full 0):
 garbage-first heap   total 58368K, used 45849K [0x00000000a0e00000, 0x0000000100000000)
  region size 1024K, 31 young (31744K), 4 survivors (4096K)
 Metaspace       used 51088K, committed 51392K, reserved 1097728K
  class space    used 6304K, committed 6464K, reserved 1048576K
}
Event: 11.000 GC heap after
{Heap after GC invocations=14 (full 0):
 garbage-first heap   total 58368K, used 20531K [0x00000000a0e00000, 0x0000000100000000)
  region size 1024K, 3 young (3072K), 3 survivors (3072K)
 Metaspace       used 51088K, committed 51392K, reserved 1097728K
  class space    used 6304K, committed 6464K, reserved 1048576K
}
Event: 26.207 GC heap before
{Heap before GC invocations=14 (full 0):
 garbage-first heap   total 58368K, used 45107K [0x00000000a0e00000, 0x0000000100000000)
  region size 1024K, 28 young (28672K), 3 survivors (3072K)
 Metaspace       used 56095K, committed 56448K, reserved 1105920K
  class space    used 6921K, committed 7104K, reserved 1048576K
}
Event: 26.217 GC heap after
{Heap after GC invocations=15 (full 0):
 garbage-first heap   total 58368K, used 22885K [0x00000000a0e00000, 0x0000000100000000)
  region size 1024K, 3 young (3072K), 3 survivors (3072K)
 Metaspace       used 56095K, committed 56448K, reserved 1105920K
  class space    used 6921K, committed 7104K, reserved 1048576K
}

Deoptimization events (20 events):
Event: 11.798 Thread 0x000001ec99c23d40 Uncommon trap: trap_request=0xffffff45 fr.pc=0x000001ec8b127260 relative=0x0000000000000060
Event: 11.798 Thread 0x000001ec99c23d40 Uncommon trap: reason=unstable_if action=reinterpret pc=0x000001ec8b127260 method=org.springframework.util.ConcurrentReferenceHashMap$Segment.clear()V @ 7 c2
Event: 11.798 Thread 0x000001ec99c23d40 DEOPT PACKING pc=0x000001ec8b127260 sp=0x000000e845bfe410
Event: 11.798 Thread 0x000001ec99c23d40 DEOPT UNPACKING pc=0x000001ec836223a3 sp=0x000000e845bfe3a0 mode 2
Event: 26.015 Thread 0x000001ec991c4580 Uncommon trap: trap_request=0xffffff45 fr.pc=0x000001ec8b2a8190 relative=0x0000000000000110
Event: 26.015 Thread 0x000001ec991c4580 Uncommon trap: reason=unstable_if action=reinterpret pc=0x000001ec8b2a8190 method=jdk.internal.org.objectweb.asm.ByteVector.putInt(I)Ljdk/internal/org/objectweb/asm/ByteVector; @ 13 c2
Event: 26.015 Thread 0x000001ec991c4580 DEOPT PACKING pc=0x000001ec8b2a8190 sp=0x000000e8465fb270
Event: 26.015 Thread 0x000001ec991c4580 DEOPT UNPACKING pc=0x000001ec836223a3 sp=0x000000e8465fb208 mode 2
Event: 26.177 Thread 0x000001ec991c4580 Uncommon trap: trap_request=0xffffff45 fr.pc=0x000001ec8b1890dc relative=0x000000000000005c
Event: 26.177 Thread 0x000001ec991c4580 Uncommon trap: reason=unstable_if action=reinterpret pc=0x000001ec8b1890dc method=java.util.Objects.equals(Ljava/lang/Object;Ljava/lang/Object;)Z @ 6 c2
Event: 26.177 Thread 0x000001ec991c4580 DEOPT PACKING pc=0x000001ec8b1890dc sp=0x000000e8465fcc10
Event: 26.177 Thread 0x000001ec991c4580 DEOPT UNPACKING pc=0x000001ec836223a3 sp=0x000000e8465fcbb0 mode 2
Event: 26.198 Thread 0x000001ec991c4580 Uncommon trap: trap_request=0xffffffde fr.pc=0x000001ec8b387138 relative=0x00000000000013d8
Event: 26.198 Thread 0x000001ec991c4580 Uncommon trap: reason=class_check action=maybe_recompile pc=0x000001ec8b387138 method=java.util.concurrent.ConcurrentHashMap.putVal(Ljava/lang/Object;Ljava/lang/Object;Z)Ljava/lang/Object; @ 159 c2
Event: 26.198 Thread 0x000001ec991c4580 DEOPT PACKING pc=0x000001ec8b387138 sp=0x000000e8465fc7d0
Event: 26.198 Thread 0x000001ec991c4580 DEOPT UNPACKING pc=0x000001ec836223a3 sp=0x000000e8465fc760 mode 2
Event: 26.198 Thread 0x000001ec991c4580 Uncommon trap: trap_request=0xffffffde fr.pc=0x000001ec8b387138 relative=0x00000000000013d8
Event: 26.198 Thread 0x000001ec991c4580 Uncommon trap: reason=class_check action=maybe_recompile pc=0x000001ec8b387138 method=java.util.concurrent.ConcurrentHashMap.putVal(Ljava/lang/Object;Ljava/lang/Object;Z)Ljava/lang/Object; @ 159 c2
Event: 26.198 Thread 0x000001ec991c4580 DEOPT PACKING pc=0x000001ec8b387138 sp=0x000000e8465fca40
Event: 26.198 Thread 0x000001ec991c4580 DEOPT UNPACKING pc=0x000001ec836223a3 sp=0x000000e8465fc9d0 mode 2

Classes unloaded (0 events):
No events

Classes redefined (0 events):
No events

Internal exceptions (20 events):
Event: 10.388 Thread 0x000001ec99c23d40 Exception <a 'java/lang/ClassNotFoundException'{0x00000000a36dc4d0}: org/springframework/web/servlet/config/annotation/DelegatingWebMvcConfigurationCustomizer> (0x00000000a36dc4d0) 
thrown [e:\jenkins\tmp\workspace\build\src\src\hotspot\share\classfile\systemDictionary.cpp, line 256]
Event: 10.390 Thread 0x000001ec99c23d40 Exception <a 'java/lang/ClassNotFoundException'{0x00000000a36e5940}: org/springframework/boot/autoconfigure/web/servlet/WebMvcAutoConfiguration$EnableWebMvcConfigurationCustomizer> (0x00000000a36e5940) 
thrown [e:\jenkins\tmp\workspace\build\src\src\hotspot\share\classfile\systemDictionary.cpp, line 256]
Event: 10.392 Thread 0x000001ec99c23d40 Exception <a 'java/lang/ClassNotFoundException'{0x00000000a36f7af0}: org/springframework/context/ResourceLoaderAwareCustomizer> (0x00000000a36f7af0) 
thrown [e:\jenkins\tmp\workspace\build\src\src\hotspot\share\classfile\systemDictionary.cpp, line 256]
Event: 10.393 Thread 0x000001ec99c23d40 Exception <a 'java/lang/ClassNotFoundException'{0x00000000a36fca60}: org/springframework/beans/factory/AwareCustomizer> (0x00000000a36fca60) 
thrown [e:\jenkins\tmp\workspace\build\src\src\hotspot\share\classfile\systemDictionary.cpp, line 256]
Event: 10.394 Thread 0x000001ec99c23d40 Exception <a 'java/lang/ClassNotFoundException'{0x00000000a35012e0}: org/springframework/context/ApplicationContextAwareCustomizer> (0x00000000a35012e0) 
thrown [e:\jenkins\tmp\workspace\build\src\src\hotspot\share\classfile\systemDictionary.cpp, line 256]
Event: 10.395 Thread 0x000001ec99c23d40 Exception <a 'java/lang/ClassNotFoundException'{0x00000000a3506d40}: org/springframework/beans/factory/AwareCustomizer> (0x00000000a3506d40) 
thrown [e:\jenkins\tmp\workspace\build\src\src\hotspot\share\classfile\systemDictionary.cpp, line 256]
Event: 10.396 Thread 0x000001ec99c23d40 Exception <a 'java/lang/ClassNotFoundException'{0x00000000a350b0a0}: org/springframework/web/context/ServletContextAwareCustomizer> (0x00000000a350b0a0) 
thrown [e:\jenkins\tmp\workspace\build\src\src\hotspot\share\classfile\systemDictionary.cpp, line 256]
Event: 10.397 Thread 0x000001ec99c23d40 Exception <a 'java/lang/ClassNotFoundException'{0x00000000a3510448}: org/springframework/beans/factory/AwareCustomizer> (0x00000000a3510448) 
thrown [e:\jenkins\tmp\workspace\build\src\src\hotspot\share\classfile\systemDictionary.cpp, line 256]
Event: 10.806 Thread 0x000001ec99c23d40 Exception <a 'java/lang/NoSuchMethodError'{0x00000000a2fe1df8}: 'void java.lang.invoke.DirectMethodHandle$Holder.invokeVirtual(java.lang.Object, java.lang.Object, int)'> (0x00000000a2fe1df8) 
thrown [e:\jenkins\tmp\workspace\build\src\src\hotspot\share\interpreter\linkResolver.cpp, line 766]
Event: 10.811 Thread 0x000001ec99c23d40 Exception <a 'java/lang/NoSuchMethodError'{0x00000000a2ffc758}: 'void java.lang.invoke.DirectMethodHandle$Holder.invokeVirtual(java.lang.Object, java.lang.Object, long)'> (0x00000000a2ffc758) 
thrown [e:\jenkins\tmp\workspace\build\src\src\hotspot\share\interpreter\linkResolver.cpp, line 766]
Event: 11.138 Thread 0x000001ec99c23d40 Exception <a 'java/lang/IncompatibleClassChangeError'{0x00000000a4435a08}: Found class java.lang.Object, but interface was expected> (0x00000000a4435a08) 
thrown [e:\jenkins\tmp\workspace\build\src\src\hotspot\share\interpreter\linkResolver.cpp, line 833]
Event: 11.283 Thread 0x000001ec99c23d40 Exception <a 'java/lang/NoSuchMethodError'{0x00000000a43b1ef0}: 'int java.lang.invoke.DirectMethodHandle$Holder.invokeStaticInit(java.lang.Object, java.lang.Object, java.lang.Object, java.lang.Object)'> (0x00000000a43b1ef0) 
thrown [e:\jenkins\tmp\workspace\build\src\src\hotspot\share\interpreter\linkResolver.cpp, line 766]
Event: 11.513 Thread 0x000001ec99c23d40 Exception <a 'java/lang/IncompatibleClassChangeError'{0x00000000a3fbdb18}: Found class java.lang.Object, but interface was expected> (0x00000000a3fbdb18) 
thrown [e:\jenkins\tmp\workspace\build\src\src\hotspot\share\interpreter\linkResolver.cpp, line 833]
Event: 11.551 Thread 0x000001ec99c23d40 Exception <a 'java/lang/IncompatibleClassChangeError'{0x00000000a3ee3080}: Found class java.lang.Object, but interface was expected> (0x00000000a3ee3080) 
thrown [e:\jenkins\tmp\workspace\build\src\src\hotspot\share\interpreter\linkResolver.cpp, line 833]
Event: 11.593 Thread 0x000001ec99c23d40 Exception <a 'java/lang/IncompatibleClassChangeError'{0x00000000a3c07e90}: Found class java.lang.Object, but interface was expected> (0x00000000a3c07e90) 
thrown [e:\jenkins\tmp\workspace\build\src\src\hotspot\share\interpreter\linkResolver.cpp, line 833]
Event: 11.641 Thread 0x000001ec99c23d40 Implicit null exception at 0x000001ec8b1c555a to 0x000001ec8b1c5790
Event: 11.733 Thread 0x000001ec99c23d40 Exception <a 'java/lang/NoSuchMethodError'{0x00000000a395dd90}: 'java.lang.Object java.lang.invoke.DirectMethodHandle$Holder.invokeSpecial(java.lang.Object, java.lang.Object, int, java.lang.Object, int, java.lang.Object)'> (0x00000000a395dd90) 
thrown [e:\jenkins\tmp\workspace\build\src\src\hotspot\share\interpreter\linkResolver.cpp, line 766]
Event: 11.734 Thread 0x000001ec99c23d40 Exception <a 'java/lang/NoSuchMethodError'{0x00000000a3965e38}: 'java.lang.Object java.lang.invoke.DirectMethodHandle$Holder.newInvokeSpecial(java.lang.Object, java.lang.Object, int, java.lang.Object, int)'> (0x00000000a3965e38) 
thrown [e:\jenkins\tmp\workspace\build\src\src\hotspot\share\interpreter\linkResolver.cpp, line 766]
Event: 11.735 Thread 0x000001ec99c23d40 Exception <a 'java/lang/NoSuchMethodError'{0x00000000a3969f38}: 'java.lang.Object java.lang.invoke.DirectMethodHandle$Holder.invokeSpecial(java.lang.Object, java.lang.Object, java.lang.Object, int, java.lang.Object, int)'> (0x00000000a3969f38) 
thrown [e:\jenkins\tmp\workspace\build\src\src\hotspot\share\interpreter\linkResolver.cpp, line 766]
Event: 11.737 Thread 0x000001ec99c23d40 Exception <a 'java/lang/NoSuchMethodError'{0x00000000a3973b08}: 'void java.lang.invoke.DirectMethodHandle$Holder.invokeVirtual(java.lang.Object, java.lang.Object)'> (0x00000000a3973b08) 
thrown [e:\jenkins\tmp\workspace\build\src\src\hotspot\share\interpreter\linkResolver.cpp, line 766]

VM Operations (20 events):
Event: 12.159 Executing VM operation: Cleanup
Event: 12.159 Executing VM operation: Cleanup done
Event: 13.174 Executing VM operation: Cleanup
Event: 13.174 Executing VM operation: Cleanup done
Event: 25.820 Executing VM operation: HandshakeAllThreads
Event: 25.820 Executing VM operation: HandshakeAllThreads done
Event: 25.820 Executing VM operation: Cleanup
Event: 25.820 Executing VM operation: Cleanup done
Event: 25.893 Executing VM operation: HandshakeAllThreads
Event: 25.893 Executing VM operation: HandshakeAllThreads done
Event: 26.153 Executing VM operation: HandshakeAllThreads
Event: 26.153 Executing VM operation: HandshakeAllThreads done
Event: 26.162 Executing VM operation: HandshakeAllThreads
Event: 26.162 Executing VM operation: HandshakeAllThreads done
Event: 26.205 Executing VM operation: HandshakeAllThreads
Event: 26.205 Executing VM operation: HandshakeAllThreads done
Event: 26.207 Executing VM operation: G1CollectForAllocation
Event: 26.217 Executing VM operation: G1CollectForAllocation done
Event: 26.238 Executing VM operation: HandshakeAllThreads
Event: 26.239 Executing VM operation: HandshakeAllThreads done

Events (20 events):
Event: 26.241 Thread 0x000001ec98817820 flushing nmethod 0x000001ec83beff90
Event: 26.241 Thread 0x000001ec98817820 flushing nmethod 0x000001ec83bf0b10
Event: 26.241 Thread 0x000001ec98817820 flushing nmethod 0x000001ec83bfa590
Event: 26.241 Thread 0x000001ec98817820 flushing nmethod 0x000001ec83bfae10
Event: 26.241 Thread 0x000001ec98817820 flushing nmethod 0x000001ec83bfbd10
Event: 26.241 Thread 0x000001ec98817820 flushing nmethod 0x000001ec83bfc090
Event: 26.241 Thread 0x000001ec98817820 flushing nmethod 0x000001ec83bfd310
Event: 26.241 Thread 0x000001ec98817820 flushing nmethod 0x000001ec83bfd890
Event: 26.241 Thread 0x000001ec98817820 flushing nmethod 0x000001ec83bff290
Event: 26.241 Thread 0x000001ec98817820 flushing nmethod 0x000001ec83bff990
Event: 26.241 Thread 0x000001ec98817820 flushing nmethod 0x000001ec83c00810
Event: 26.241 Thread 0x000001ec98817820 flushing nmethod 0x000001ec83c00b90
Event: 26.241 Thread 0x000001ec98817820 flushing nmethod 0x000001ec83c01d10
Event: 26.241 Thread 0x000001ec98817820 flushing nmethod 0x000001ec83c02d90
Event: 26.241 Thread 0x000001ec98817820 flushing nmethod 0x000001ec83c03190
Event: 26.241 Thread 0x000001ec98817820 flushing nmethod 0x000001ec83c03c90
Event: 26.241 Thread 0x000001ec98817820 flushing nmethod 0x000001ec83c04190
Event: 26.241 Thread 0x000001ec98817820 flushing nmethod 0x000001ec83c07790
Event: 26.241 Thread 0x000001ec98817820 flushing nmethod 0x000001ec83c09810
Event: 26.242 Thread 0x000001ec98817820 flushing nmethod 0x000001ec83c0ac10


Dynamic libraries:
0x00007ff7a93a0000 - 0x00007ff7a93ae000 	D:\Sofwares\JAVA\eclipse\plugins\org.eclipse.justj.openjdk.hotspot.jre.full.win32.x86_64_17.0.1.v20211116-1657\jre\bin\javaw.exe
0x00007ff94a650000 - 0x00007ff94a845000 	C:\Windows\SYSTEM32\ntdll.dll
0x00007ff949ee0000 - 0x00007ff949f9d000 	C:\Windows\System32\KERNEL32.DLL
0x00007ff9480c0000 - 0x00007ff94838d000 	C:\Windows\System32\KERNELBASE.dll
0x00007ff947fc0000 - 0x00007ff9480c0000 	C:\Windows\System32\ucrtbase.dll
0x00007ff93bfd0000 - 0x00007ff93bfe8000 	D:\Sofwares\JAVA\eclipse\plugins\org.eclipse.justj.openjdk.hotspot.jre.full.win32.x86_64_17.0.1.v20211116-1657\jre\bin\jli.dll
0x00007ff93bfb0000 - 0x00007ff93bfc9000 	D:\Sofwares\JAVA\eclipse\plugins\org.eclipse.justj.openjdk.hotspot.jre.full.win32.x86_64_17.0.1.v20211116-1657\jre\bin\VCRUNTIME140.dll
0x00007ff948730000 - 0x00007ff9488d0000 	C:\Windows\System32\USER32.dll
0x00007ff947f90000 - 0x00007ff947fb2000 	C:\Windows\System32\win32u.dll
0x00007ff930260000 - 0x00007ff9304fa000 	C:\Windows\WinSxS\amd64_microsoft.windows.common-controls_6595b64144ccf1df_6.0.19041.1110_none_60b5254171f9507e\COMCTL32.dll
0x00007ff948a20000 - 0x00007ff948a4a000 	C:\Windows\System32\GDI32.dll
0x00007ff949410000 - 0x00007ff9494ae000 	C:\Windows\System32\msvcrt.dll
0x00007ff948520000 - 0x00007ff94862b000 	C:\Windows\System32\gdi32full.dll
0x00007ff947d60000 - 0x00007ff947dfd000 	C:\Windows\System32\msvcp_win.dll
0x00007ff9489f0000 - 0x00007ff948a20000 	C:\Windows\System32\IMM32.DLL
0x00007ff943560000 - 0x00007ff94356c000 	D:\Sofwares\JAVA\eclipse\plugins\org.eclipse.justj.openjdk.hotspot.jre.full.win32.x86_64_17.0.1.v20211116-1657\jre\bin\vcruntime140_1.dll
0x00007ff915cf0000 - 0x00007ff915d81000 	D:\Sofwares\JAVA\eclipse\plugins\org.eclipse.justj.openjdk.hotspot.jre.full.win32.x86_64_17.0.1.v20211116-1657\jre\bin\msvcp140.dll
0x00007ff8b8590000 - 0x00007ff8b91d6000 	D:\Sofwares\JAVA\eclipse\plugins\org.eclipse.justj.openjdk.hotspot.jre.full.win32.x86_64_17.0.1.v20211116-1657\jre\bin\server\jvm.dll
0x00007ff948dc0000 - 0x00007ff948e6e000 	C:\Windows\System32\ADVAPI32.dll
0x00007ff949370000 - 0x00007ff94940c000 	C:\Windows\System32\sechost.dll
0x00007ff948f20000 - 0x00007ff949045000 	C:\Windows\System32\RPCRT4.dll
0x00007ff948db0000 - 0x00007ff948db8000 	C:\Windows\System32\PSAPI.DLL
0x00007ff93de40000 - 0x00007ff93de67000 	C:\Windows\SYSTEM32\WINMM.dll
0x00007ff936ad0000 - 0x00007ff936ad9000 	C:\Windows\SYSTEM32\WSOCK32.dll
0x00007ff93de70000 - 0x00007ff93de7a000 	C:\Windows\SYSTEM32\VERSION.dll
0x00007ff949510000 - 0x00007ff94957b000 	C:\Windows\System32\WS2_32.dll
0x00007ff9465f0000 - 0x00007ff946602000 	C:\Windows\SYSTEM32\kernel.appcore.dll
0x00007ff930020000 - 0x00007ff93002a000 	D:\Sofwares\JAVA\eclipse\plugins\org.eclipse.justj.openjdk.hotspot.jre.full.win32.x86_64_17.0.1.v20211116-1657\jre\bin\jimage.dll
0x00007ff945c40000 - 0x00007ff945e24000 	C:\Windows\SYSTEM32\DBGHELP.DLL
0x00007ff92fd90000 - 0x00007ff92fdbc000 	C:\Windows\SYSTEM32\dbgcore.DLL
0x00007ff947eb0000 - 0x00007ff947f32000 	C:\Windows\System32\bcryptPrimitives.dll
0x00007ff90c560000 - 0x00007ff90c585000 	D:\Sofwares\JAVA\eclipse\plugins\org.eclipse.justj.openjdk.hotspot.jre.full.win32.x86_64_17.0.1.v20211116-1657\jre\bin\java.dll
0x00007ff924350000 - 0x00007ff924368000 	D:\Sofwares\JAVA\eclipse\plugins\org.eclipse.justj.openjdk.hotspot.jre.full.win32.x86_64_17.0.1.v20211116-1657\jre\bin\zip.dll
0x00007ff949790000 - 0x00007ff949ed4000 	C:\Windows\System32\SHELL32.dll
0x00007ff945e40000 - 0x00007ff9465d4000 	C:\Windows\SYSTEM32\windows.storage.dll
0x00007ff948a50000 - 0x00007ff948da4000 	C:\Windows\System32\combase.dll
0x00007ff9476f0000 - 0x00007ff94771c000 	C:\Windows\SYSTEM32\Wldp.dll
0x00007ff9490f0000 - 0x00007ff94919d000 	C:\Windows\System32\SHCORE.dll
0x00007ff94a550000 - 0x00007ff94a5a5000 	C:\Windows\System32\shlwapi.dll
0x00007ff947ca0000 - 0x00007ff947cbf000 	C:\Windows\SYSTEM32\profapi.dll
0x00007ff90c6b0000 - 0x00007ff90c6c9000 	D:\Sofwares\JAVA\eclipse\plugins\org.eclipse.justj.openjdk.hotspot.jre.full.win32.x86_64_17.0.1.v20211116-1657\jre\bin\net.dll
0x00007ff938be0000 - 0x00007ff938cea000 	C:\Windows\SYSTEM32\WINHTTP.dll
0x00007ff947450000 - 0x00007ff9474ba000 	C:\Windows\system32\mswsock.dll
0x00007ff90c5b0000 - 0x00007ff90c5c5000 	D:\Sofwares\JAVA\eclipse\plugins\org.eclipse.justj.openjdk.hotspot.jre.full.win32.x86_64_17.0.1.v20211116-1657\jre\bin\nio.dll
0x00007ff92f020000 - 0x00007ff92f030000 	D:\Sofwares\JAVA\eclipse\plugins\org.eclipse.justj.openjdk.hotspot.jre.full.win32.x86_64_17.0.1.v20211116-1657\jre\bin\verify.dll
0x00007ff940da0000 - 0x00007ff940da9000 	D:\Sofwares\JAVA\eclipse\plugins\org.eclipse.justj.openjdk.hotspot.jre.full.win32.x86_64_17.0.1.v20211116-1657\jre\bin\management.dll
0x00007ff93bbb0000 - 0x00007ff93bbbb000 	D:\Sofwares\JAVA\eclipse\plugins\org.eclipse.justj.openjdk.hotspot.jre.full.win32.x86_64_17.0.1.v20211116-1657\jre\bin\management_ext.dll
0x00007ff930500000 - 0x00007ff930517000 	C:\Windows\system32\napinsp.dll
0x00007ff930680000 - 0x00007ff93069b000 	C:\Windows\system32\pnrpnsp.dll
0x00007ff930660000 - 0x00007ff930675000 	C:\Windows\system32\wshbth.dll
0x00007ff9434e0000 - 0x00007ff9434fd000 	C:\Windows\system32\NLAapi.dll
0x00007ff947140000 - 0x00007ff94717b000 	C:\Windows\SYSTEM32\IPHLPAPI.DLL
0x00007ff947180000 - 0x00007ff94724b000 	C:\Windows\SYSTEM32\DNSAPI.dll
0x00007ff9490e0000 - 0x00007ff9490e8000 	C:\Windows\System32\NSI.dll
0x00007ff930640000 - 0x00007ff930652000 	C:\Windows\System32\winrnr.dll
0x00007ff938ba0000 - 0x00007ff938baa000 	C:\Windows\System32\rasadhlp.dll
0x00007ff938cf0000 - 0x00007ff938d70000 	C:\Windows\System32\fwpuclnt.dll
0x00007ff948390000 - 0x00007ff9483b7000 	C:\Windows\System32\bcrypt.dll
0x00007ff947640000 - 0x00007ff947658000 	C:\Windows\SYSTEM32\CRYPTSP.dll
0x00007ff946dd0000 - 0x00007ff946e04000 	C:\Windows\system32\rsaenh.dll
0x00007ff947c20000 - 0x00007ff947c4e000 	C:\Windows\SYSTEM32\USERENV.dll
0x00007ff947660000 - 0x00007ff94766c000 	C:\Windows\SYSTEM32\CRYPTBASE.dll
0x00007ff93e810000 - 0x00007ff93e827000 	C:\Windows\SYSTEM32\dhcpcsvc6.DLL
0x00007ff9412e0000 - 0x00007ff9412fd000 	C:\Windows\SYSTEM32\dhcpcsvc.DLL
0x00007ff943590000 - 0x00007ff94359e000 	D:\Sofwares\JAVA\eclipse\plugins\org.eclipse.justj.openjdk.hotspot.jre.full.win32.x86_64_17.0.1.v20211116-1657\jre\bin\sunmscapi.dll
0x00007ff9483c0000 - 0x00007ff948516000 	C:\Windows\System32\CRYPT32.dll
0x00007ff947760000 - 0x00007ff947787000 	C:\Windows\SYSTEM32\ncrypt.dll
0x00007ff947720000 - 0x00007ff94775b000 	C:\Windows\SYSTEM32\NTASN1.dll
0x00007ff937d00000 - 0x00007ff937d07000 	C:\Windows\system32\wshunix.dll

dbghelp: loaded successfully - version: 4.0.5 - missing functions: none
symbol engine: initialized successfully - sym options: 0x614 - pdb path: .;D:\Sofwares\JAVA\eclipse\plugins\org.eclipse.justj.openjdk.hotspot.jre.full.win32.x86_64_17.0.1.v20211116-1657\jre\bin;C:\Windows\SYSTEM32;C:\Windows\WinSxS\amd64_microsoft.windows.common-controls_6595b64144ccf1df_6.0.19041.1110_none_60b5254171f9507e;D:\Sofwares\JAVA\eclipse\plugins\org.eclipse.justj.openjdk.hotspot.jre.full.win32.x86_64_17.0.1.v20211116-1657\jre\bin\server

VM Arguments:
jvm_args: -Dfile.encoding=UTF-8 -XX:+ShowCodeDetailsInExceptionMessages 
java_command: com.example.CapgProject.CapgProjectApplication
java_class_path (initial): C:\Users\ACER\Downloads\CapgProject\target\classes;C:\Users\ACER\.m2\repository\org\springframework\boot\spring-boot-starter-data-jdbc\2.7.0\spring-boot-starter-data-jdbc-2.7.0.jar;C:\Users\ACER\.m2\repository\org\springframework\boot\spring-boot-starter-jdbc\2.7.0\spring-boot-starter-jdbc-2.7.0.jar;C:\Users\ACER\.m2\repository\com\zaxxer\HikariCP\4.0.3\HikariCP-4.0.3.jar;C:\Users\ACER\.m2\repository\org\springframework\spring-jdbc\5.3.20\spring-jdbc-5.3.20.jar;C:\Users\ACER\.m2\repository\org\springframework\data\spring-data-jdbc\2.4.0\spring-data-jdbc-2.4.0.jar;C:\Users\ACER\.m2\repository\org\springframework\data\spring-data-relational\2.4.0\spring-data-relational-2.4.0.jar;C:\Users\ACER\.m2\repository\org\springframework\data\spring-data-commons\2.7.0\spring-data-commons-2.7.0.jar;C:\Users\ACER\.m2\repository\org\springframework\spring-tx\5.3.20\spring-tx-5.3.20.jar;C:\Users\ACER\.m2\repository\org\springframework\spring-context\5.3.20\spring-context-5.3.20.jar;C:\Users\ACER\.m2\repository\org\springframework\spring-beans\5.3.20\spring-beans-5.3.20.jar;C:\Users\ACER\.m2\repository\org\slf4j\slf4j-api\1.7.36\slf4j-api-1.7.36.jar;C:\Users\ACER\.m2\repository\org\springframework\boot\spring-boot-starter-data-jpa\2.7.0\spring-boot-starter-data-jpa-2.7.0.jar;C:\Users\ACER\.m2\repository\org\springframework\boot\spring-boot-starter-aop\2.7.0\spring-boot-starter-aop-2.7.0.jar;C:\Users\ACER\.m2\repository\org\springframework\spring-aop\5.3.20\spring-aop-5.3.20.jar;C:\Users\ACER\.m2\repository\org\aspectj\aspectjweaver\1.9.7\aspectjweaver-1.9.7.jar;C:\Users\ACER\.m2\repository\jakarta\transaction\jakarta.transaction-api\1.3.3\jakarta.transaction-api-1.3.3.jar;C:\Users\ACER\.m2\repository\jakarta\persistence\jakarta.persistence-api\2.2.3\jakarta.persistence-api-2.2.3.jar;C:\Users\ACER\.m2\repository\org\hibernate\hibernate-core\5.6.9.Final\hibernate-core-5.6.9.Final.jar;C:\Users\ACER\.m2\repository\org\jboss\logging\jboss-logging\3.4.3.Final\j
Launcher Type: SUN_STANDARD

[Global flags]
     intx CICompilerCount                          = 4                                         {product} {ergonomic}
     uint ConcGCThreads                            = 2                                         {product} {ergonomic}
     uint G1ConcRefinementThreads                  = 8                                         {product} {ergonomic}
   size_t G1HeapRegionSize                         = 1048576                                   {product} {ergonomic}
    uintx GCDrainStackTargetSize                   = 64                                        {product} {ergonomic}
   size_t InitialHeapSize                          = 100663296                                 {product} {ergonomic}
   size_t MarkStackSize                            = 4194304                                   {product} {ergonomic}
   size_t MaxHeapSize                              = 1595932672                                {product} {ergonomic}
   size_t MaxNewSize                               = 957349888                                 {product} {ergonomic}
   size_t MinHeapDeltaBytes                        = 1048576                                   {product} {ergonomic}
   size_t MinHeapSize                              = 8388608                                   {product} {ergonomic}
    uintx NonNMethodCodeHeapSize                   = 5839372                                {pd product} {ergonomic}
    uintx NonProfiledCodeHeapSize                  = 122909434                              {pd product} {ergonomic}
    uintx ProfiledCodeHeapSize                     = 122909434                              {pd product} {ergonomic}
    uintx ReservedCodeCacheSize                    = 251658240                              {pd product} {ergonomic}
     bool SegmentedCodeCache                       = true                                      {product} {ergonomic}
     bool ShowCodeDetailsInExceptionMessages       = true                                   {manageable} {command line}
   size_t SoftMaxHeapSize                          = 1595932672                             {manageable} {ergonomic}
     bool UseCompressedClassPointers               = true                           {product lp64_product} {ergonomic}
     bool UseCompressedOops                        = true                           {product lp64_product} {ergonomic}
     bool UseG1GC                                  = true                                      {product} {ergonomic}
     bool UseLargePagesIndividualAllocation        = false                                  {pd product} {ergonomic}

Logging:
Log output configuration:
 #0: stdout all=warning uptime,level,tags
 #1: stderr all=off uptime,level,tags

Environment Variables:
PATH=D:/Sofwares/JAVA/eclipse//plugins/org.eclipse.justj.openjdk.hotspot.jre.full.win32.x86_64_17.0.1.v20211116-1657/jre/bin/server;D:/Sofwares/JAVA/eclipse//plugins/org.eclipse.justj.openjdk.hotspot.jre.full.win32.x86_64_17.0.1.v20211116-1657/jre/bin;C:\oraclexe\app\oracle\product\11.2.0\server\bin;;C:\Windows\system32;C:\Windows;C:\Windows\System32\Wbem;C:\Windows\System32\WindowsPowerShell\v1.0\;C:\Windows\System32\OpenSSH\;C:\Program Files\Java\jdk-17.0.1\bin;C:\Program Files\nodejs\;C:\Users\ACER\AppData\Local\Microsoft\WindowsApps;C:\Users\ACER\AppData\Roaming\npm;C:\Users\ACER\AppData\Local\Programs\Microsoft VS Code\bin;D:\Sofwares\JAVA\eclipse;
USERNAME=ACER
OS=Windows_NT
PROCESSOR_IDENTIFIER=AMD64 Family 23 Model 24 Stepping 1, AuthenticAMD



---------------  S Y S T E M  ---------------

OS:
 Windows 10 , 64 bit Build 19041 (10.0.19041.1706)
OS uptime: 0 days 1:08 hours

CPU: total 8 (initial active 8) (8 cores per cpu, 2 threads per core) family 23 model 24 stepping 1 microcode 0x0, cx8, cmov, fxsr, ht, mmx, 3dnowpref, sse, sse2, sse3, ssse3, sse4a, sse4.1, sse4.2, popcnt, lzcnt, tsc, tscinvbit, avx, avx2, aes, clmul, bmi1, bmi2, adx, sha, fma, vzeroupper, clflush, clflushopt

Memory: 4k page, system-wide physical 6081M (483M free)
TotalPageFile size 9081M (AvailPageFile size 5M)
current process WorkingSet (physical memory assigned to process): 215M, peak: 239M
current process commit charge ("private bytes"): 249M, peak: 273M

vm_info: OpenJDK 64-Bit Server VM (17.0.1+12) for windows-amd64 JRE (17.0.1+12), built on Oct 20 2021 07:42:55 by "" with MS VC++ 16.7 (VS2019)

END.
